Using pre-set license
Built from '2022.3/staging' branch; Version is '2022.3.42f1 (2dcb6a0abc42) revision 3001194'; Using compiler version '192829333'; Build Type 'Release'
OS: 'Windows 11  (10.0.26100) 64bit CoreSingleLanguage' Language: 'en' Physical Memory: 7482 MB
BatchMode: 1, IsHumanControllingUs: 0, StartBugReporterOnCrash: 0, Is64bit: 1, IsPro: 1

COMMAND LINE ARGUMENTS:
C:\Program Files\Unity\Hub\Editor\2022.3.42f1\Editor\Unity.exe
-adb2
-batchMode
-noUpm
-name
AssetImportWorker0
-projectPath
C:/Games/Tower-Of-Flux
-logFile
Logs/AssetImportWorker0.log
-srvPort
50904
Successfully changed project path to: C:/Games/Tower-Of-Flux
C:/Games/Tower-Of-Flux
[UnityMemory] Configuration Parameters - Can be set up in boot.config
    "memorysetup-bucket-allocator-granularity=16"
    "memorysetup-bucket-allocator-bucket-count=8"
    "memorysetup-bucket-allocator-block-size=33554432"
    "memorysetup-bucket-allocator-block-count=8"
    "memorysetup-main-allocator-block-size=16777216"
    "memorysetup-thread-allocator-block-size=16777216"
    "memorysetup-gfx-main-allocator-block-size=16777216"
    "memorysetup-gfx-thread-allocator-block-size=16777216"
    "memorysetup-cache-allocator-block-size=4194304"
    "memorysetup-typetree-allocator-block-size=2097152"
    "memorysetup-profiler-bucket-allocator-granularity=16"
    "memorysetup-profiler-bucket-allocator-bucket-count=8"
    "memorysetup-profiler-bucket-allocator-block-size=33554432"
    "memorysetup-profiler-bucket-allocator-block-count=8"
    "memorysetup-profiler-allocator-block-size=16777216"
    "memorysetup-profiler-editor-allocator-block-size=1048576"
    "memorysetup-temp-allocator-size-main=16777216"
    "memorysetup-job-temp-allocator-block-size=2097152"
    "memorysetup-job-temp-allocator-block-size-background=1048576"
    "memorysetup-job-temp-allocator-reduction-small-platforms=262144"
    "memorysetup-allocator-temp-initial-block-size-main=262144"
    "memorysetup-allocator-temp-initial-block-size-worker=262144"
    "memorysetup-temp-allocator-size-background-worker=32768"
    "memorysetup-temp-allocator-size-job-worker=262144"
    "memorysetup-temp-allocator-size-preload-manager=33554432"
    "memorysetup-temp-allocator-size-nav-mesh-worker=65536"
    "memorysetup-temp-allocator-size-audio-worker=65536"
    "memorysetup-temp-allocator-size-cloud-worker=32768"
    "memorysetup-temp-allocator-size-gi-baking-worker=262144"
    "memorysetup-temp-allocator-size-gfx=262144"
Player connection [14752]  Target information:

Player connection [14752]  * "[IP] 192.168.1.6 [Port] 0 [Flags] 2 [Guid] 4147994754 [EditorId] 4147994754 [Version] 1048832 [Id] WindowsEditor(7,LAPTOP-PC8JF07V) [Debug] 1 [PackageName] WindowsEditor [ProjectName] Editor" 

Player connection [14752] Host joined multi-casting on [225.0.0.222:54997]...
Player connection [14752] Host joined alternative multi-casting on [225.0.0.222:34997]...
[PhysX] Initialized MultithreadedTaskDispatcher with 12 workers.
Refreshing native plugins compatible for Editor in 3105.91 ms, found 8 plugins.
Preloading 0 native plugins for Editor in 0.00 ms.
Initialize engine version: 2022.3.42f1 (2dcb6a0abc42)
[Subsystems] Discovering subsystems at path C:/Program Files/Unity/Hub/Editor/2022.3.42f1/Editor/Data/Resources/UnitySubsystems
[Subsystems] Discovering subsystems at path C:/Games/Tower-Of-Flux/Assets
GfxDevice: creating device client; threaded=0; jobified=0
Direct3D:
    Version:  Direct3D 11.0 [level 11.1]
    Renderer: NVIDIA GeForce RTX 4050 Laptop GPU (ID=0x28e1)
    Vendor:   NVIDIA
    VRAM:     5921 MB
    Driver:   32.0.15.6624
Shader 'Custom/DissolveShader': fallback shader 'Transparent' not found
Initialize mono
Mono path[0] = 'C:/Program Files/Unity/Hub/Editor/2022.3.42f1/Editor/Data/Managed'
Mono path[1] = 'C:/Program Files/Unity/Hub/Editor/2022.3.42f1/Editor/Data/MonoBleedingEdge/lib/mono/unityjit-win32'
Mono config path = 'C:/Program Files/Unity/Hub/Editor/2022.3.42f1/Editor/Data/MonoBleedingEdge/etc'
Using monoOptions --debugger-agent=transport=dt_socket,embedding=1,server=y,suspend=n,address=127.0.0.1:56612
Begin MonoManager ReloadAssembly
Registering precompiled unity dll's ...
Register platform support module: C:/Program Files/Unity/Hub/Editor/2022.3.42f1/Editor/Data/PlaybackEngines/WebGLSupport/UnityEditor.WebGL.Extensions.dll
Register platform support module: C:/Program Files/Unity/Hub/Editor/2022.3.42f1/Editor/Data/PlaybackEngines/WindowsStandaloneSupport/UnityEditor.WindowsStandalone.Extensions.dll
Register platform support module: C:/Program Files/Unity/Hub/Editor/2022.3.42f1/Editor/Data/PlaybackEngines/MetroSupport/UnityEditor.UWP.Extensions.dll
Registered in 0.349919 seconds.
- Loaded All Assemblies, in  4.804 seconds
Native extension for UWP target not found
Native extension for WindowsStandalone target not found
Native extension for WebGL target not found
Mono: successfully reloaded assembly
- Finished resetting the current domain, in  0.585 seconds
Domain Reload Profiling: 5388ms
	BeginReloadAssembly (4168ms)
		ExecutionOrderSort (0ms)
		DisableScriptedObjects (0ms)
		BackupInstance (0ms)
		ReleaseScriptingObjects (0ms)
		CreateAndSetChildDomain (3ms)
	RebuildCommonClasses (47ms)
	RebuildNativeTypeToScriptingClass (10ms)
	initialDomainReloadingComplete (414ms)
	LoadAllAssembliesAndSetupDomain (162ms)
		LoadAssemblies (4161ms)
		RebuildTransferFunctionScriptingTraits (0ms)
		AnalyzeDomain (158ms)
			TypeCache.Refresh (157ms)
				TypeCache.ScanAssembly (141ms)
			ScanForSourceGeneratedMonoScriptInfo (0ms)
			ResolveRequiredComponents (0ms)
	FinalizeReload (586ms)
		ReleaseScriptCaches (0ms)
		RebuildScriptCaches (0ms)
		SetupLoadedEditorAssemblies (535ms)
			LogAssemblyErrors (0ms)
			InitializePlatformSupportModulesInManaged (16ms)
			SetLoadedEditorAssemblies (7ms)
			RefreshPlugins (0ms)
			BeforeProcessingInitializeOnLoad (34ms)
			ProcessInitializeOnLoadAttributes (373ms)
			ProcessInitializeOnLoadMethodAttributes (104ms)
			AfterProcessingInitializeOnLoad (0ms)
			EditorAssembliesLoaded (0ms)
		ExecutionOrderSort2 (0ms)
		AwakeInstancesAfterBackupRestoration (0ms)
========================================================================
Worker process is ready to serve import requests
Caller must complete domain reload
Begin MonoManager ReloadAssembly
- Loaded All Assemblies, in  9.338 seconds
Native extension for UWP target not found
Native extension for WindowsStandalone target not found
Native extension for WebGL target not found
Package Manager log level set to [2]
[Package Manager] Server::EnsureServerProcessIsRunning -- launch failed, reason: Unity was launched with the -noUpm command-line argument
[Package Manager] UpmClient::Send -- Unable to send message (not connected to UPM process).
[Package Manager] Cannot connect to Unity Package Manager local server
Mono: successfully reloaded assembly
- Finished resetting the current domain, in  1.118 seconds
Domain Reload Profiling: 10440ms
	BeginReloadAssembly (300ms)
		ExecutionOrderSort (0ms)
		DisableScriptedObjects (15ms)
		BackupInstance (0ms)
		ReleaseScriptingObjects (1ms)
		CreateAndSetChildDomain (51ms)
	RebuildCommonClasses (28ms)
	RebuildNativeTypeToScriptingClass (11ms)
	initialDomainReloadingComplete (55ms)
	LoadAllAssembliesAndSetupDomain (8926ms)
		LoadAssemblies (8799ms)
		RebuildTransferFunctionScriptingTraits (0ms)
		AnalyzeDomain (235ms)
			TypeCache.Refresh (194ms)
				TypeCache.ScanAssembly (162ms)
			ScanForSourceGeneratedMonoScriptInfo (29ms)
			ResolveRequiredComponents (11ms)
	FinalizeReload (1119ms)
		ReleaseScriptCaches (0ms)
		RebuildScriptCaches (0ms)
		SetupLoadedEditorAssemblies (921ms)
			LogAssemblyErrors (0ms)
			InitializePlatformSupportModulesInManaged (12ms)
			SetLoadedEditorAssemblies (6ms)
			RefreshPlugins (0ms)
			BeforeProcessingInitializeOnLoad (79ms)
			ProcessInitializeOnLoadAttributes (675ms)
			ProcessInitializeOnLoadMethodAttributes (138ms)
			AfterProcessingInitializeOnLoad (11ms)
			EditorAssembliesLoaded (1ms)
		ExecutionOrderSort2 (0ms)
		AwakeInstancesAfterBackupRestoration (8ms)
Shader 'Custom/DissolveShader': fallback shader 'Transparent' not found
Launched and connected shader compiler UnityShaderCompiler.exe after 0.23 seconds
Refreshing native plugins compatible for Editor in 20.57 ms, found 8 plugins.
Preloading 0 native plugins for Editor in 0.00 ms.
Unloading 5849 Unused Serialized files (Serialized files now loaded: 0)
Unloading 39 unused Assets / (349.6 KB). Loaded Objects now: 6333.
Memory consumption went from 235.2 MB to 234.8 MB.
Total: 8.216200 ms (FindLiveObjects: 0.949100 ms CreateObjectMapping: 0.543700 ms MarkObjects: 5.646000 ms  DeleteObjects: 1.076100 ms)

AssetImportParameters requested are different than current active one (requested -> active):
  custom:container-demuxer-ogg: 62fdf1f143b41e24485cea50d1cbac27 -> 
  custom:video-codec-MediaFoundation-h265: 746d11721c4dcdbdad8f713fa42b33f4 -> 
  custom:video-decoder-ogg-theora: a1e56fd34408186e4bbccfd4996cb3dc -> 
  custom:framework-win-MediaFoundation: 216162199b28c13a410421893ffa2e32 -> 
  custom:CustomObjectIndexerAttribute: 72b91833f83ae208fae7752999fa3104 -> 
  custom:container-demuxer-webm: 4f35f7cbe854078d1ac9338744f61a02 -> 
  custom:container-muxer-webm: aa71ff27fc2769a1b78a27578f13a17b -> 
  custom:video-decoder-webm-vp8: 9c59270c3fd7afecdb556c50c9e8de78 -> 
  custom:SearchIndexIgnoredProperties: e643bd26f0fe6173181afceb89e7c659 -> 
  custom:AudioImporter_EditorPlatform: d09bf68614088b80899f8185d706f6e7 -> 
  custom:video-encoder-webm-vp8: eb34c28f22e8b96e1ab97ce403110664 -> 
  custom:audio-decoder-ogg-vorbis: bf7c407c2cedff20999df2af8eb42d56 -> 
  custom:audio-encoder-webm-vorbis: bf7c407c2cedff20999df2af8eb42d56 -> 
========================================================================
Received Import Request.
  Time since last request: 166927.249078 seconds.
  path: Assets/Scenes/level/main menu/Logo-Fakultas-TI-1 (1) 1.png
  artifactKey: Guid(b1cb36c4d42f61241ae11e6a23677814) Importer(815301076,1909f56bfc062723c751e8b465ee728b)
Start importing Assets/Scenes/level/main menu/Logo-Fakultas-TI-1 (1) 1.png using Guid(b1cb36c4d42f61241ae11e6a23677814) Importer(815301076,1909f56bfc062723c751e8b465ee728b) [PhysX] Initialized MultithreadedTaskDispatcher with 12 workers.
[PhysX] Initialized MultithreadedTaskDispatcher with 12 workers.
 -> (artifact id: 'ae88f2a625a20cb7d30fada9dc9cb109') in 0.138079 seconds
Number of updated asset objects reloaded before import = 0
Number of asset objects unloaded after import = 3
========================================================================
Received Import Request.
  Time since last request: 0.000047 seconds.
  path: Assets/Scenes/level/main menu/credit.png
  artifactKey: Guid(edcbcdb94de2cb4429314011603a7cb1) Importer(815301076,1909f56bfc062723c751e8b465ee728b)
Start importing Assets/Scenes/level/main menu/credit.png using Guid(edcbcdb94de2cb4429314011603a7cb1) Importer(815301076,1909f56bfc062723c751e8b465ee728b) [PhysX] Initialized MultithreadedTaskDispatcher with 12 workers.
[PhysX] Initialized MultithreadedTaskDispatcher with 12 workers.
 -> (artifact id: '898528dea0daca46bf596df98dd51d88') in 0.021310 seconds
Number of updated asset objects reloaded before import = 0
Number of asset objects unloaded after import = 3
========================================================================
Received Import Request.
  Time since last request: 0.000022 seconds.
  path: Assets/Scenes/level/main menu/Tutorialpage1.png
  artifactKey: Guid(71475a856a67e9b4f979a38ac6c8ce8a) Importer(815301076,1909f56bfc062723c751e8b465ee728b)
Start importing Assets/Scenes/level/main menu/Tutorialpage1.png using Guid(71475a856a67e9b4f979a38ac6c8ce8a) Importer(815301076,1909f56bfc062723c751e8b465ee728b) [PhysX] Initialized MultithreadedTaskDispatcher with 12 workers.
[PhysX] Initialized MultithreadedTaskDispatcher with 12 workers.
 -> (artifact id: 'ba223d9ad6e7805b72cb0015923cec73') in 0.023399 seconds
Number of updated asset objects reloaded before import = 0
Number of asset objects unloaded after import = 3
========================================================================
Received Import Request.
  Time since last request: 0.000020 seconds.
  path: Assets/Scenes/level/main menu/Tutorialpage5.png
  artifactKey: Guid(805778e9e7fc066438db7777e2abae99) Importer(815301076,1909f56bfc062723c751e8b465ee728b)
Start importing Assets/Scenes/level/main menu/Tutorialpage5.png using Guid(805778e9e7fc066438db7777e2abae99) Importer(815301076,1909f56bfc062723c751e8b465ee728b) [PhysX] Initialized MultithreadedTaskDispatcher with 12 workers.
[PhysX] Initialized MultithreadedTaskDispatcher with 12 workers.
 -> (artifact id: 'f79b5c4722ac7cd36105508baff7477c') in 0.017548 seconds
Number of updated asset objects reloaded before import = 0
Number of asset objects unloaded after import = 3
========================================================================
Received Import Request.
  Time since last request: 0.000022 seconds.
  path: Assets/Scenes/level/MainMenu.unity
  artifactKey: Guid(88ce7b786fcb6d040b08703de287a40e) Importer(815301076,1909f56bfc062723c751e8b465ee728b)
Start importing Assets/Scenes/level/MainMenu.unity using Guid(88ce7b786fcb6d040b08703de287a40e) Importer(815301076,1909f56bfc062723c751e8b465ee728b) [PhysX] Initialized MultithreadedTaskDispatcher with 12 workers.
 -> (artifact id: 'aaefe1c20511025fc1526abc9dd7bf60') in 0.000689 seconds
Number of updated asset objects reloaded before import = 0
Number of asset objects unloaded after import = 0
========================================================================
Received Import Request.
  Time since last request: 0.000224 seconds.
  path: Assets/Scenes/level/main menu/Credit_Image-removebg-preview.png
  artifactKey: Guid(67d3967db516189448a42b265de0611d) Importer(815301076,1909f56bfc062723c751e8b465ee728b)
Start importing Assets/Scenes/level/main menu/Credit_Image-removebg-preview.png using Guid(67d3967db516189448a42b265de0611d) Importer(815301076,1909f56bfc062723c751e8b465ee728b) [PhysX] Initialized MultithreadedTaskDispatcher with 12 workers.
[PhysX] Initialized MultithreadedTaskDispatcher with 12 workers.
 -> (artifact id: '925e8016b6cf0a3e2de59ca9ece89880') in 0.017272 seconds
Number of updated asset objects reloaded before import = 0
Number of asset objects unloaded after import = 3
========================================================================
Received Import Request.
  Time since last request: 0.000021 seconds.
  path: Assets/Scenes/level/SpawnSpot 1.prefab
  artifactKey: Guid(9e56f36562175d841b3dacbd3c9cb3ad) Importer(815301076,1909f56bfc062723c751e8b465ee728b)
Start importing Assets/Scenes/level/SpawnSpot 1.prefab using Guid(9e56f36562175d841b3dacbd3c9cb3ad) Importer(815301076,1909f56bfc062723c751e8b465ee728b) [PhysX] Initialized MultithreadedTaskDispatcher with 12 workers.
 -> (artifact id: 'd388bf39c3282d2e3bd8ea85100e007f') in 0.006688 seconds
Number of updated asset objects reloaded before import = 0
Number of asset objects unloaded after import = 4
========================================================================
Received Import Request.
  Time since last request: 0.000020 seconds.
  path: Assets/Scenes/level/main menu/Tutorialpage4.png
  artifactKey: Guid(b73de89418258f64a81093e182d0116e) Importer(815301076,1909f56bfc062723c751e8b465ee728b)
Start importing Assets/Scenes/level/main menu/Tutorialpage4.png using Guid(b73de89418258f64a81093e182d0116e) Importer(815301076,1909f56bfc062723c751e8b465ee728b) [PhysX] Initialized MultithreadedTaskDispatcher with 12 workers.
[PhysX] Initialized MultithreadedTaskDispatcher with 12 workers.
 -> (artifact id: '8c6de161348f420316b7c45ff37df48e') in 0.022516 seconds
Number of updated asset objects reloaded before import = 0
Number of asset objects unloaded after import = 3
========================================================================
Received Import Request.
  Time since last request: 0.000023 seconds.
  path: Assets/Scenes/level/main menu/Tutorialpage6.png
  artifactKey: Guid(8a6a874ba4e8d634f98736e9ae729827) Importer(815301076,1909f56bfc062723c751e8b465ee728b)
Start importing Assets/Scenes/level/main menu/Tutorialpage6.png using Guid(8a6a874ba4e8d634f98736e9ae729827) Importer(815301076,1909f56bfc062723c751e8b465ee728b) [PhysX] Initialized MultithreadedTaskDispatcher with 12 workers.
[PhysX] Initialized MultithreadedTaskDispatcher with 12 workers.
 -> (artifact id: '84595bddc926d33425af56c321959950') in 0.021030 seconds
Number of updated asset objects reloaded before import = 0
Number of asset objects unloaded after import = 3
========================================================================
Received Import Request.
  Time since last request: 0.000018 seconds.
  path: Assets/Scenes/level/main menu/Credit 1.png
  artifactKey: Guid(57477836c8df398498dec2185a04cafa) Importer(815301076,1909f56bfc062723c751e8b465ee728b)
Start importing Assets/Scenes/level/main menu/Credit 1.png using Guid(57477836c8df398498dec2185a04cafa) Importer(815301076,1909f56bfc062723c751e8b465ee728b) [PhysX] Initialized MultithreadedTaskDispatcher with 12 workers.
[PhysX] Initialized MultithreadedTaskDispatcher with 12 workers.
 -> (artifact id: 'cf95cfcce9519cb279970f9869f32e77') in 0.016566 seconds
Number of updated asset objects reloaded before import = 0
Number of asset objects unloaded after import = 3
========================================================================
Received Import Request.
  Time since last request: 0.000022 seconds.
  path: Assets/Scenes/level/main menu/Tutorialpage3.png
  artifactKey: Guid(3dde2f11195fc854b84f60265dd193a0) Importer(815301076,1909f56bfc062723c751e8b465ee728b)
Start importing Assets/Scenes/level/main menu/Tutorialpage3.png using Guid(3dde2f11195fc854b84f60265dd193a0) Importer(815301076,1909f56bfc062723c751e8b465ee728b) [PhysX] Initialized MultithreadedTaskDispatcher with 12 workers.
[PhysX] Initialized MultithreadedTaskDispatcher with 12 workers.
 -> (artifact id: '13556624cfc5501597853e2aeaa19676') in 0.024425 seconds
Number of updated asset objects reloaded before import = 0
Number of asset objects unloaded after import = 3
========================================================================
Received Import Request.
  Time since last request: 0.000419 seconds.
  path: Assets/Scenes/level/main menu/Tutorialpage2.png
  artifactKey: Guid(2721a49e8953bf847a1685d02f19832d) Importer(815301076,1909f56bfc062723c751e8b465ee728b)
Start importing Assets/Scenes/level/main menu/Tutorialpage2.png using Guid(2721a49e8953bf847a1685d02f19832d) Importer(815301076,1909f56bfc062723c751e8b465ee728b) [PhysX] Initialized MultithreadedTaskDispatcher with 12 workers.
[PhysX] Initialized MultithreadedTaskDispatcher with 12 workers.
 -> (artifact id: 'c6d931eb082262641e635ced0cf262ff') in 0.034128 seconds
Number of updated asset objects reloaded before import = 0
Number of asset objects unloaded after import = 3
========================================================================
Received Import Request.
  Time since last request: 0.000020 seconds.
  path: Assets/Scenes/level/main menu/Tutorialpage8.png
  artifactKey: Guid(475085ea50014c24195387214825497b) Importer(815301076,1909f56bfc062723c751e8b465ee728b)
Start importing Assets/Scenes/level/main menu/Tutorialpage8.png using Guid(475085ea50014c24195387214825497b) Importer(815301076,1909f56bfc062723c751e8b465ee728b) [PhysX] Initialized MultithreadedTaskDispatcher with 12 workers.
[PhysX] Initialized MultithreadedTaskDispatcher with 12 workers.
 -> (artifact id: 'b67717c1d67772be3300a3ab962c4b6f') in 0.034130 seconds
Number of updated asset objects reloaded before import = 0
Number of asset objects unloaded after import = 3
========================================================================
Received Import Request.
  Time since last request: 0.000019 seconds.
  path: Assets/Scenes/level/main menu
  artifactKey: Guid(279c8975797d9a14a9f94c7ab60ac82a) Importer(815301076,1909f56bfc062723c751e8b465ee728b)
Start importing Assets/Scenes/level/main menu using Guid(279c8975797d9a14a9f94c7ab60ac82a) Importer(815301076,1909f56bfc062723c751e8b465ee728b) [PhysX] Initialized MultithreadedTaskDispatcher with 12 workers.
 -> (artifact id: 'd5951d54cdc083222db815c036c67f5c') in 0.000551 seconds
Number of updated asset objects reloaded before import = 0
Number of asset objects unloaded after import = 0
========================================================================
Received Import Request.
  Time since last request: 0.000027 seconds.
  path: Assets/Scenes/level/main menu/Song.png
  artifactKey: Guid(1bcdb6d6f7968a8408186864c9a1bb06) Importer(815301076,1909f56bfc062723c751e8b465ee728b)
Start importing Assets/Scenes/level/main menu/Song.png using Guid(1bcdb6d6f7968a8408186864c9a1bb06) Importer(815301076,1909f56bfc062723c751e8b465ee728b) [PhysX] Initialized MultithreadedTaskDispatcher with 12 workers.
[PhysX] Initialized MultithreadedTaskDispatcher with 12 workers.
 -> (artifact id: 'd31bdc176e48ed20202e80120f5bdf2d') in 0.036740 seconds
Number of updated asset objects reloaded before import = 0
Number of asset objects unloaded after import = 3
========================================================================
Received Import Request.
  Time since last request: 0.000034 seconds.
  path: Assets/Scenes/level/main menu/Tutorialpage9.png
  artifactKey: Guid(5de9d518ee5ebbc4ba41e3e411fdb7c1) Importer(815301076,1909f56bfc062723c751e8b465ee728b)
Start importing Assets/Scenes/level/main menu/Tutorialpage9.png using Guid(5de9d518ee5ebbc4ba41e3e411fdb7c1) Importer(815301076,1909f56bfc062723c751e8b465ee728b) [PhysX] Initialized MultithreadedTaskDispatcher with 12 workers.
[PhysX] Initialized MultithreadedTaskDispatcher with 12 workers.
 -> (artifact id: '24012ded7bcd319a48be1f13fd25f905') in 0.028764 seconds
Number of updated asset objects reloaded before import = 0
Number of asset objects unloaded after import = 3
========================================================================
Received Import Request.
  Time since last request: 0.000029 seconds.
  path: Assets/Scenes/level/main menu/Credit1.png
  artifactKey: Guid(51831e791c9227d4f845f6e3b1430db9) Importer(815301076,1909f56bfc062723c751e8b465ee728b)
Start importing Assets/Scenes/level/main menu/Credit1.png using Guid(51831e791c9227d4f845f6e3b1430db9) Importer(815301076,1909f56bfc062723c751e8b465ee728b) [PhysX] Initialized MultithreadedTaskDispatcher with 12 workers.
[PhysX] Initialized MultithreadedTaskDispatcher with 12 workers.
 -> (artifact id: '758171685a8aa55e1c8264df00cb8072') in 0.028960 seconds
Number of updated asset objects reloaded before import = 0
Number of asset objects unloaded after import = 3
========================================================================
Received Import Request.
  Time since last request: 0.000023 seconds.
  path: Assets/Scenes/level/main menu/credit3.png
  artifactKey: Guid(7209e8897d0640f4a89e9e3f517743dc) Importer(815301076,1909f56bfc062723c751e8b465ee728b)
Start importing Assets/Scenes/level/main menu/credit3.png using Guid(7209e8897d0640f4a89e9e3f517743dc) Importer(815301076,1909f56bfc062723c751e8b465ee728b) [PhysX] Initialized MultithreadedTaskDispatcher with 12 workers.
[PhysX] Initialized MultithreadedTaskDispatcher with 12 workers.
 -> (artifact id: 'f7c208c62908e3b1087dae1824059e6e') in 0.020485 seconds
Number of updated asset objects reloaded before import = 0
Number of asset objects unloaded after import = 3
========================================================================
Received Import Request.
  Time since last request: 0.000019 seconds.
  path: Assets/Scenes/level/main menu/Logo-Fakultas-TI-1 (1).png
  artifactKey: Guid(4c878fa1a838a36428decc075c510509) Importer(815301076,1909f56bfc062723c751e8b465ee728b)
Start importing Assets/Scenes/level/main menu/Logo-Fakultas-TI-1 (1).png using Guid(4c878fa1a838a36428decc075c510509) Importer(815301076,1909f56bfc062723c751e8b465ee728b) [PhysX] Initialized MultithreadedTaskDispatcher with 12 workers.
[PhysX] Initialized MultithreadedTaskDispatcher with 12 workers.
 -> (artifact id: 'a89ac73e6ac19d7a88c9d6a56d3221a8') in 0.019130 seconds
Number of updated asset objects reloaded before import = 0
Number of asset objects unloaded after import = 3
========================================================================
Received Import Request.
  Time since last request: 0.000031 seconds.
  path: Assets/Scenes/level/main menu/border.png
  artifactKey: Guid(1f199fbefdbbe9348afcdf88dcf0af59) Importer(815301076,1909f56bfc062723c751e8b465ee728b)
Start importing Assets/Scenes/level/main menu/border.png using Guid(1f199fbefdbbe9348afcdf88dcf0af59) Importer(815301076,1909f56bfc062723c751e8b465ee728b) [PhysX] Initialized MultithreadedTaskDispatcher with 12 workers.
[PhysX] Initialized MultithreadedTaskDispatcher with 12 workers.
 -> (artifact id: '35075d1943d959ebb9acb3d1bbfc099b') in 0.024070 seconds
Number of updated asset objects reloaded before import = 0
Number of asset objects unloaded after import = 3
========================================================================
Received Import Request.
  Time since last request: 0.000019 seconds.
  path: Assets/Scenes/level/main menu/Logo.aseprite
  artifactKey: Guid(fadbe1753839687468876b7abdefbd69) Importer(815301076,1909f56bfc062723c751e8b465ee728b)
Start importing Assets/Scenes/level/main menu/Logo.aseprite using Guid(fadbe1753839687468876b7abdefbd69) Importer(815301076,1909f56bfc062723c751e8b465ee728b) [PhysX] Initialized MultithreadedTaskDispatcher with 12 workers.
[PhysX] Initialized MultithreadedTaskDispatcher with 12 workers.
[PhysX] Initialized MultithreadedTaskDispatcher with 12 workers.
 -> (artifact id: '757b7a37f2b1c84d49091029d984e6eb') in 0.245073 seconds
Number of updated asset objects reloaded before import = 0
Number of asset objects unloaded after import = 26
========================================================================
Received Import Request.
  Time since last request: 1.655142 seconds.
  path: Assets/Scenes/level/main menu/R (5).png
  artifactKey: Guid(61bd896d864a9a54e927c69e3b1fb724) Importer(815301076,1909f56bfc062723c751e8b465ee728b)
Start importing Assets/Scenes/level/main menu/R (5).png using Guid(61bd896d864a9a54e927c69e3b1fb724) Importer(815301076,1909f56bfc062723c751e8b465ee728b) [PhysX] Initialized MultithreadedTaskDispatcher with 12 workers.
[PhysX] Initialized MultithreadedTaskDispatcher with 12 workers.
 -> (artifact id: '3b98b1ed7917f871e6528736911e5267') in 0.036096 seconds
Number of updated asset objects reloaded before import = 0
Number of asset objects unloaded after import = 3
========================================================================
Received Import Request.
  Time since last request: 62.915280 seconds.
  path: Assets/Scenes/level/main menu/R (5).png
  artifactKey: Guid(61bd896d864a9a54e927c69e3b1fb724) Importer(815301076,1909f56bfc062723c751e8b465ee728b)
Start importing Assets/Scenes/level/main menu/R (5).png using Guid(61bd896d864a9a54e927c69e3b1fb724) Importer(815301076,1909f56bfc062723c751e8b465ee728b) [PhysX] Initialized MultithreadedTaskDispatcher with 12 workers.
[PhysX] Initialized MultithreadedTaskDispatcher with 12 workers.
 -> (artifact id: '8c0fe79db6c4099c35726ecd30dc393a') in 0.025618 seconds
Number of updated asset objects reloaded before import = 0
Number of asset objects unloaded after import = 3
========================================================================
Received Import Request.
  Time since last request: 36.835192 seconds.
  path: Assets/Scenes/level/main menu/R (5).png
  artifactKey: Guid(61bd896d864a9a54e927c69e3b1fb724) Importer(815301076,1909f56bfc062723c751e8b465ee728b)
Start importing Assets/Scenes/level/main menu/R (5).png using Guid(61bd896d864a9a54e927c69e3b1fb724) Importer(815301076,1909f56bfc062723c751e8b465ee728b) [PhysX] Initialized MultithreadedTaskDispatcher with 12 workers.
[PhysX] Initialized MultithreadedTaskDispatcher with 12 workers.
 -> (artifact id: 'd1549f71e274a84512fb163a1bffda70') in 0.011894 seconds
Number of updated asset objects reloaded before import = 0
Number of asset objects unloaded after import = 3
========================================================================
Received Import Request.
  Time since last request: 105.206076 seconds.
  path: Assets/Scenes/level/main menu/pngimg.com - sound_PNG26.png
  artifactKey: Guid(6ae3d56e6af456c42acaa89724849a28) Importer(815301076,1909f56bfc062723c751e8b465ee728b)
Start importing Assets/Scenes/level/main menu/pngimg.com - sound_PNG26.png using Guid(6ae3d56e6af456c42acaa89724849a28) Importer(815301076,1909f56bfc062723c751e8b465ee728b) [PhysX] Initialized MultithreadedTaskDispatcher with 12 workers.
[PhysX] Initialized MultithreadedTaskDispatcher with 12 workers.
 -> (artifact id: 'c2ffbbd8f89586a843ced28b95ddf96b') in 0.075135 seconds
Number of updated asset objects reloaded before import = 0
Number of asset objects unloaded after import = 3
========================================================================
Received Import Request.
  Time since last request: 36.275223 seconds.
  path: Assets/Scenes/level/main menu/pngimg.com - sound_PNG26 1.png
  artifactKey: Guid(29b2e5d5b154d3f45ac3cf6f0c0a115c) Importer(815301076,1909f56bfc062723c751e8b465ee728b)
Start importing Assets/Scenes/level/main menu/pngimg.com - sound_PNG26 1.png using Guid(29b2e5d5b154d3f45ac3cf6f0c0a115c) Importer(815301076,1909f56bfc062723c751e8b465ee728b) [PhysX] Initialized MultithreadedTaskDispatcher with 12 workers.
[PhysX] Initialized MultithreadedTaskDispatcher with 12 workers.
 -> (artifact id: 'c6e315dd70112dc3f1eced3f422f70d0') in 0.029048 seconds
Number of updated asset objects reloaded before import = 0
Number of asset objects unloaded after import = 3
========================================================================
Received Import Request.
  Time since last request: 9.964438 seconds.
  path: Assets/Scenes/level/main menu/pngtree-vector-music-note-icon-png-image_4013713.jpg
  artifactKey: Guid(9eeb1584b020790459630a8f7330847f) Importer(815301076,1909f56bfc062723c751e8b465ee728b)
Start importing Assets/Scenes/level/main menu/pngtree-vector-music-note-icon-png-image_4013713.jpg using Guid(9eeb1584b020790459630a8f7330847f) Importer(815301076,1909f56bfc062723c751e8b465ee728b) [PhysX] Initialized MultithreadedTaskDispatcher with 12 workers.
[PhysX] Initialized MultithreadedTaskDispatcher with 12 workers.
 -> (artifact id: '8c25be07d2b0527854c61cec7033dbbb') in 0.022405 seconds
Number of updated asset objects reloaded before import = 0
Number of asset objects unloaded after import = 3
========================================================================
Received Import Request.
  Time since last request: 58.054634 seconds.
  path: Assets/Scenes/level/main menu/R (6).png
  artifactKey: Guid(153772a45dde67f4f9ecd9c5389be167) Importer(815301076,1909f56bfc062723c751e8b465ee728b)
Start importing Assets/Scenes/level/main menu/R (6).png using Guid(153772a45dde67f4f9ecd9c5389be167) Importer(815301076,1909f56bfc062723c751e8b465ee728b) [PhysX] Initialized MultithreadedTaskDispatcher with 12 workers.
[PhysX] Initialized MultithreadedTaskDispatcher with 12 workers.
 -> (artifact id: '976859e4685bf2cf851d368cff9f5472') in 0.057465 seconds
Number of updated asset objects reloaded before import = 0
Number of asset objects unloaded after import = 3
========================================================================
Received Import Request.
  Time since last request: 103.401168 seconds.
  path: Assets/Scenes/level/main menu/MenuSprite
  artifactKey: Guid(99bb527284744dc4185272aa1bd1fefa) Importer(815301076,1909f56bfc062723c751e8b465ee728b)
Start importing Assets/Scenes/level/main menu/MenuSprite using Guid(99bb527284744dc4185272aa1bd1fefa) Importer(815301076,1909f56bfc062723c751e8b465ee728b) [PhysX] Initialized MultithreadedTaskDispatcher with 12 workers.
 -> (artifact id: '642c754fe976f6538d59941aba39b0ca') in 0.001587 seconds
Number of updated asset objects reloaded before import = 0
Number of asset objects unloaded after import = 0
========================================================================
Received Import Request.
  Time since last request: 0.055218 seconds.
  path: Assets/Scenes/level/main menu/MenuSprite/Logo.png
  artifactKey: Guid(30cbb4974237d6c43aaf4c010202f53c) Importer(815301076,1909f56bfc062723c751e8b465ee728b)
Start importing Assets/Scenes/level/main menu/MenuSprite/Logo.png using Guid(30cbb4974237d6c43aaf4c010202f53c) Importer(815301076,1909f56bfc062723c751e8b465ee728b) [PhysX] Initialized MultithreadedTaskDispatcher with 12 workers.
[PhysX] Initialized MultithreadedTaskDispatcher with 12 workers.
 -> (artifact id: '90be82206fa5710330ff9b8e5be7b36b') in 0.033855 seconds
Number of updated asset objects reloaded before import = 0
Number of asset objects unloaded after import = 3
========================================================================
Received Import Request.
  Time since last request: 0.000025 seconds.
  path: Assets/Scenes/level/main menu/MenuSprite/Menu2.png
  artifactKey: Guid(8521e6fdc0b753c408e5c140eef68e27) Importer(815301076,1909f56bfc062723c751e8b465ee728b)
Start importing Assets/Scenes/level/main menu/MenuSprite/Menu2.png using Guid(8521e6fdc0b753c408e5c140eef68e27) Importer(815301076,1909f56bfc062723c751e8b465ee728b) [PhysX] Initialized MultithreadedTaskDispatcher with 12 workers.
[PhysX] Initialized MultithreadedTaskDispatcher with 12 workers.
 -> (artifact id: 'ac0188762ce4e84376f152ead13144bd') in 0.031287 seconds
Number of updated asset objects reloaded before import = 0
Number of asset objects unloaded after import = 3
========================================================================
Received Import Request.
  Time since last request: 31.779414 seconds.
  path: Assets/Scenes/level/main menu/MenuSprite/SoundManager.cs
  artifactKey: Guid(30d2bad55df4ff74384ddc0d4cda774a) Importer(815301076,1909f56bfc062723c751e8b465ee728b)
Start importing Assets/Scenes/level/main menu/MenuSprite/SoundManager.cs using Guid(30d2bad55df4ff74384ddc0d4cda774a) Importer(815301076,1909f56bfc062723c751e8b465ee728b) [PhysX] Initialized MultithreadedTaskDispatcher with 12 workers.
 -> (artifact id: '411c623c9a26d92073c52c7db28a5ab2') in 0.006671 seconds
Number of updated asset objects reloaded before import = 0
Number of asset objects unloaded after import = 0
========================================================================
Received Prepare
Caller must complete domain reload
Begin MonoManager ReloadAssembly
- Loaded All Assemblies, in  6.020 seconds
Native extension for UWP target not found
Native extension for WindowsStandalone target not found
Native extension for WebGL target not found
[Package Manager] Server::EnsureServerProcessIsRunning -- launch failed, reason: Unity was launched with the -noUpm command-line argument
[Package Manager] UpmClient::Send -- Unable to send message (not connected to UPM process).
[Package Manager] Cannot connect to Unity Package Manager local server
Mono: successfully reloaded assembly
- Finished resetting the current domain, in  1.280 seconds
Domain Reload Profiling: 7309ms
	BeginReloadAssembly (3379ms)
		ExecutionOrderSort (0ms)
		DisableScriptedObjects (2234ms)
		BackupInstance (0ms)
		ReleaseScriptingObjects (4ms)
		CreateAndSetChildDomain (492ms)
	RebuildCommonClasses (65ms)
	RebuildNativeTypeToScriptingClass (13ms)
	initialDomainReloadingComplete (67ms)
	LoadAllAssembliesAndSetupDomain (2496ms)
		LoadAssemblies (2700ms)
		RebuildTransferFunctionScriptingTraits (0ms)
		AnalyzeDomain (146ms)
			TypeCache.Refresh (59ms)
				TypeCache.ScanAssembly (6ms)
			ScanForSourceGeneratedMonoScriptInfo (55ms)
			ResolveRequiredComponents (31ms)
	FinalizeReload (1288ms)
		ReleaseScriptCaches (0ms)
		RebuildScriptCaches (0ms)
		SetupLoadedEditorAssemblies (836ms)
			LogAssemblyErrors (0ms)
			InitializePlatformSupportModulesInManaged (27ms)
			SetLoadedEditorAssemblies (16ms)
			RefreshPlugins (0ms)
			BeforeProcessingInitializeOnLoad (127ms)
			ProcessInitializeOnLoadAttributes (529ms)
			ProcessInitializeOnLoadMethodAttributes (125ms)
			AfterProcessingInitializeOnLoad (10ms)
			EditorAssembliesLoaded (1ms)
		ExecutionOrderSort2 (0ms)
		AwakeInstancesAfterBackupRestoration (51ms)
Shader 'Custom/DissolveShader': fallback shader 'Transparent' not found
Refreshing native plugins compatible for Editor in 19.40 ms, found 8 plugins.
Preloading 0 native plugins for Editor in 0.00 ms.
Unloading 5696 Unused Serialized files (Serialized files now loaded: 0)
Unloading 26 unused Assets / (319.1 KB). Loaded Objects now: 6397.
Memory consumption went from 212.6 MB to 212.3 MB.
Total: 7.554300 ms (FindLiveObjects: 0.991000 ms CreateObjectMapping: 0.188400 ms MarkObjects: 5.665900 ms  DeleteObjects: 0.707200 ms)

Prepare: number of updated asset objects reloaded= 0
AssetImportParameters requested are different than current active one (requested -> active):
  custom:container-demuxer-ogg: 62fdf1f143b41e24485cea50d1cbac27 -> 
  custom:scripting/monoscript/fileName/SoundManager.cs: 97b8b7f19e31a376baf624982cbfe12a -> 
  custom:video-codec-MediaFoundation-h265: 746d11721c4dcdbdad8f713fa42b33f4 -> 
  custom:video-decoder-ogg-theora: a1e56fd34408186e4bbccfd4996cb3dc -> 
  custom:framework-win-MediaFoundation: 216162199b28c13a410421893ffa2e32 -> 
  custom:CustomObjectIndexerAttribute: 72b91833f83ae208fae7752999fa3104 -> 
  custom:container-demuxer-webm: 4f35f7cbe854078d1ac9338744f61a02 -> 
  custom:container-muxer-webm: aa71ff27fc2769a1b78a27578f13a17b -> 
  custom:video-decoder-webm-vp8: 9c59270c3fd7afecdb556c50c9e8de78 -> 
  custom:SearchIndexIgnoredProperties: e643bd26f0fe6173181afceb89e7c659 -> 
  custom:AudioImporter_EditorPlatform: d09bf68614088b80899f8185d706f6e7 -> 
  custom:video-encoder-webm-vp8: eb34c28f22e8b96e1ab97ce403110664 -> 
  custom:audio-decoder-ogg-vorbis: bf7c407c2cedff20999df2af8eb42d56 -> 
  custom:audio-encoder-webm-vorbis: bf7c407c2cedff20999df2af8eb42d56 -> 
  custom:scripting/precompiled-assembly-types:Assembly-CSharp: 94172e7e265255ddaa3d61baea49e541 -> 48487eaec839922ed5045636d00a2b7f
========================================================================
Received Import Request.
  Time since last request: 60.182357 seconds.
  path: Assets/Scenes/level/main menu/MenuSprite/SFXMuteButton.cs
  artifactKey: Guid(e0dfb1d50f720554d9878202a8bd0f5b) Importer(815301076,1909f56bfc062723c751e8b465ee728b)
Start importing Assets/Scenes/level/main menu/MenuSprite/SFXMuteButton.cs using Guid(e0dfb1d50f720554d9878202a8bd0f5b) Importer(815301076,1909f56bfc062723c751e8b465ee728b) [PhysX] Initialized MultithreadedTaskDispatcher with 12 workers.
 -> (artifact id: 'ae1d434b7df346dba96e2024db4abd5f') in 0.022982 seconds
Number of updated asset objects reloaded before import = 0
Number of asset objects unloaded after import = 0
========================================================================
Received Prepare
Caller must complete domain reload
Begin MonoManager ReloadAssembly
- Loaded All Assemblies, in  2.747 seconds
Native extension for UWP target not found
Native extension for WindowsStandalone target not found
Native extension for WebGL target not found
[Package Manager] Server::EnsureServerProcessIsRunning -- launch failed, reason: Unity was launched with the -noUpm command-line argument
[Package Manager] UpmClient::Send -- Unable to send message (not connected to UPM process).
[Package Manager] Cannot connect to Unity Package Manager local server
Mono: successfully reloaded assembly
- Finished resetting the current domain, in  2.143 seconds
Domain Reload Profiling: 4884ms
	BeginReloadAssembly (1008ms)
		ExecutionOrderSort (0ms)
		DisableScriptedObjects (105ms)
		BackupInstance (0ms)
		ReleaseScriptingObjects (1ms)
		CreateAndSetChildDomain (454ms)
	RebuildCommonClasses (56ms)
	RebuildNativeTypeToScriptingClass (11ms)
	initialDomainReloadingComplete (95ms)
	LoadAllAssembliesAndSetupDomain (1571ms)
		LoadAssemblies (1742ms)
		RebuildTransferFunctionScriptingTraits (0ms)
		AnalyzeDomain (152ms)
			TypeCache.Refresh (51ms)
				TypeCache.ScanAssembly (5ms)
			ScanForSourceGeneratedMonoScriptInfo (83ms)
			ResolveRequiredComponents (17ms)
	FinalizeReload (2143ms)
		ReleaseScriptCaches (0ms)
		RebuildScriptCaches (0ms)
		SetupLoadedEditorAssemblies (522ms)
			LogAssemblyErrors (0ms)
			InitializePlatformSupportModulesInManaged (17ms)
			SetLoadedEditorAssemblies (13ms)
			RefreshPlugins (0ms)
			BeforeProcessingInitializeOnLoad (92ms)
			ProcessInitializeOnLoadAttributes (323ms)
			ProcessInitializeOnLoadMethodAttributes (67ms)
			AfterProcessingInitializeOnLoad (8ms)
			EditorAssembliesLoaded (1ms)
		ExecutionOrderSort2 (0ms)
		AwakeInstancesAfterBackupRestoration (15ms)
Shader 'Custom/DissolveShader': fallback shader 'Transparent' not found
Refreshing native plugins compatible for Editor in 25.84 ms, found 8 plugins.
Preloading 0 native plugins for Editor in 0.00 ms.
Unloading 5697 Unused Serialized files (Serialized files now loaded: 0)
Unloading 26 unused Assets / (319.1 KB). Loaded Objects now: 6403.
Memory consumption went from 212.6 MB to 212.3 MB.
Total: 6.069700 ms (FindLiveObjects: 0.612800 ms CreateObjectMapping: 0.146200 ms MarkObjects: 5.128300 ms  DeleteObjects: 0.180800 ms)

Prepare: number of updated asset objects reloaded= 0
AssetImportParameters requested are different than current active one (requested -> active):
  custom:container-demuxer-ogg: 62fdf1f143b41e24485cea50d1cbac27 -> 
  custom:scripting/monoscript/fileName/SoundManager.cs: 97b8b7f19e31a376baf624982cbfe12a -> 
  custom:video-codec-MediaFoundation-h265: 746d11721c4dcdbdad8f713fa42b33f4 -> 
  custom:video-decoder-ogg-theora: a1e56fd34408186e4bbccfd4996cb3dc -> 
  custom:framework-win-MediaFoundation: 216162199b28c13a410421893ffa2e32 -> 
  custom:CustomObjectIndexerAttribute: 72b91833f83ae208fae7752999fa3104 -> 
  custom:container-demuxer-webm: 4f35f7cbe854078d1ac9338744f61a02 -> 
  custom:container-muxer-webm: aa71ff27fc2769a1b78a27578f13a17b -> 
  custom:video-decoder-webm-vp8: 9c59270c3fd7afecdb556c50c9e8de78 -> 
  custom:SearchIndexIgnoredProperties: e643bd26f0fe6173181afceb89e7c659 -> 
  custom:AudioImporter_EditorPlatform: d09bf68614088b80899f8185d706f6e7 -> 
  custom:video-encoder-webm-vp8: eb34c28f22e8b96e1ab97ce403110664 -> 
  custom:audio-decoder-ogg-vorbis: bf7c407c2cedff20999df2af8eb42d56 -> 
  custom:scripting/monoscript/fileName/SFXMuteButton.cs: 39fa7c2fc6470df32a47c6d42f972471 -> 
  custom:audio-encoder-webm-vorbis: bf7c407c2cedff20999df2af8eb42d56 -> 
  custom:scripting/precompiled-assembly-types:Assembly-CSharp: 70f913280f4ddb1db45b1b12feae8be5 -> 48487eaec839922ed5045636d00a2b7f
========================================================================
Received Prepare
Caller must complete domain reload
Begin MonoManager ReloadAssembly
- Loaded All Assemblies, in  1.709 seconds
Native extension for UWP target not found
Native extension for WindowsStandalone target not found
Native extension for WebGL target not found
[Package Manager] Server::EnsureServerProcessIsRunning -- launch failed, reason: Unity was launched with the -noUpm command-line argument
[Package Manager] UpmClient::Send -- Unable to send message (not connected to UPM process).
[Package Manager] Cannot connect to Unity Package Manager local server
Mono: successfully reloaded assembly
- Finished resetting the current domain, in  2.726 seconds
Domain Reload Profiling: 4432ms
	BeginReloadAssembly (286ms)
		ExecutionOrderSort (0ms)
		DisableScriptedObjects (21ms)
		BackupInstance (0ms)
		ReleaseScriptingObjects (0ms)
		CreateAndSetChildDomain (115ms)
	RebuildCommonClasses (30ms)
	RebuildNativeTypeToScriptingClass (8ms)
	initialDomainReloadingComplete (30ms)
	LoadAllAssembliesAndSetupDomain (1352ms)
		LoadAssemblies (1372ms)
		RebuildTransferFunctionScriptingTraits (0ms)
		AnalyzeDomain (86ms)
			TypeCache.Refresh (29ms)
				TypeCache.ScanAssembly (4ms)
			ScanForSourceGeneratedMonoScriptInfo (41ms)
			ResolveRequiredComponents (14ms)
	FinalizeReload (2726ms)
		ReleaseScriptCaches (0ms)
		RebuildScriptCaches (0ms)
		SetupLoadedEditorAssemblies (441ms)
			LogAssemblyErrors (0ms)
			InitializePlatformSupportModulesInManaged (15ms)
			SetLoadedEditorAssemblies (5ms)
			RefreshPlugins (0ms)
			BeforeProcessingInitializeOnLoad (83ms)
			ProcessInitializeOnLoadAttributes (266ms)
			ProcessInitializeOnLoadMethodAttributes (64ms)
			AfterProcessingInitializeOnLoad (7ms)
			EditorAssembliesLoaded (0ms)
		ExecutionOrderSort2 (0ms)
		AwakeInstancesAfterBackupRestoration (19ms)
Shader 'Custom/DissolveShader': fallback shader 'Transparent' not found
Refreshing native plugins compatible for Editor in 12.22 ms, found 8 plugins.
Preloading 0 native plugins for Editor in 0.00 ms.
Unloading 5697 Unused Serialized files (Serialized files now loaded: 0)
Unloading 26 unused Assets / (319.3 KB). Loaded Objects now: 6408.
Memory consumption went from 212.6 MB to 212.3 MB.
Total: 8.362900 ms (FindLiveObjects: 0.651700 ms CreateObjectMapping: 0.213800 ms MarkObjects: 6.672100 ms  DeleteObjects: 0.823600 ms)

Prepare: number of updated asset objects reloaded= 0
AssetImportParameters requested are different than current active one (requested -> active):
  custom:container-demuxer-ogg: 62fdf1f143b41e24485cea50d1cbac27 -> 
  custom:scripting/monoscript/fileName/SoundManager.cs: 97b8b7f19e31a376baf624982cbfe12a -> 
  custom:video-codec-MediaFoundation-h265: 746d11721c4dcdbdad8f713fa42b33f4 -> 
  custom:video-decoder-ogg-theora: a1e56fd34408186e4bbccfd4996cb3dc -> 
  custom:framework-win-MediaFoundation: 216162199b28c13a410421893ffa2e32 -> 
  custom:CustomObjectIndexerAttribute: 72b91833f83ae208fae7752999fa3104 -> 
  custom:container-demuxer-webm: 4f35f7cbe854078d1ac9338744f61a02 -> 
  custom:container-muxer-webm: aa71ff27fc2769a1b78a27578f13a17b -> 
  custom:video-decoder-webm-vp8: 9c59270c3fd7afecdb556c50c9e8de78 -> 
  custom:SearchIndexIgnoredProperties: e643bd26f0fe6173181afceb89e7c659 -> 
  custom:AudioImporter_EditorPlatform: d09bf68614088b80899f8185d706f6e7 -> 
  custom:video-encoder-webm-vp8: eb34c28f22e8b96e1ab97ce403110664 -> 
  custom:audio-decoder-ogg-vorbis: bf7c407c2cedff20999df2af8eb42d56 -> 
  custom:scripting/monoscript/fileName/SFXMuteButton.cs: 39fa7c2fc6470df32a47c6d42f972471 -> 
  custom:audio-encoder-webm-vorbis: bf7c407c2cedff20999df2af8eb42d56 -> 
  custom:scripting/precompiled-assembly-types:Assembly-CSharp: 70f913280f4ddb1db45b1b12feae8be5 -> 48487eaec839922ed5045636d00a2b7f
========================================================================
Received Import Request.
  Time since last request: 74.280997 seconds.
  path: Assets/Scenes/level/main menu/MenuSprite/BgmMuteButton
  artifactKey: Guid(8986c5e11c25b1b4f8729472fe47ab4b) Importer(815301076,1909f56bfc062723c751e8b465ee728b)
Start importing Assets/Scenes/level/main menu/MenuSprite/BgmMuteButton using Guid(8986c5e11c25b1b4f8729472fe47ab4b) Importer(815301076,1909f56bfc062723c751e8b465ee728b) [PhysX] Initialized MultithreadedTaskDispatcher with 12 workers.
 -> (artifact id: 'f91a6a96b9ac24ffcd8f39424690afdb') in 0.394030 seconds
Number of updated asset objects reloaded before import = 0
Number of asset objects unloaded after import = 1
========================================================================
Received Prepare
Caller must complete domain reload
Begin MonoManager ReloadAssembly
- Loaded All Assemblies, in  2.739 seconds
Native extension for UWP target not found
Native extension for WindowsStandalone target not found
Native extension for WebGL target not found
[Package Manager] Server::EnsureServerProcessIsRunning -- launch failed, reason: Unity was launched with the -noUpm command-line argument
[Package Manager] UpmClient::Send -- Unable to send message (not connected to UPM process).
[Package Manager] Cannot connect to Unity Package Manager local server
Mono: successfully reloaded assembly
- Finished resetting the current domain, in  3.768 seconds
Domain Reload Profiling: 6515ms
	BeginReloadAssembly (788ms)
		ExecutionOrderSort (0ms)
		DisableScriptedObjects (90ms)
		BackupInstance (0ms)
		ReleaseScriptingObjects (1ms)
		CreateAndSetChildDomain (330ms)
	RebuildCommonClasses (47ms)
	RebuildNativeTypeToScriptingClass (10ms)
	initialDomainReloadingComplete (42ms)
	LoadAllAssembliesAndSetupDomain (1858ms)
		LoadAssemblies (1948ms)
		RebuildTransferFunctionScriptingTraits (0ms)
		AnalyzeDomain (140ms)
			TypeCache.Refresh (60ms)
				TypeCache.ScanAssembly (7ms)
			ScanForSourceGeneratedMonoScriptInfo (55ms)
			ResolveRequiredComponents (23ms)
	FinalizeReload (3769ms)
		ReleaseScriptCaches (0ms)
		RebuildScriptCaches (0ms)
		SetupLoadedEditorAssemblies (552ms)
			LogAssemblyErrors (0ms)
			InitializePlatformSupportModulesInManaged (14ms)
			SetLoadedEditorAssemblies (6ms)
			RefreshPlugins (0ms)
			BeforeProcessingInitializeOnLoad (95ms)
			ProcessInitializeOnLoadAttributes (358ms)
			ProcessInitializeOnLoadMethodAttributes (71ms)
			AfterProcessingInitializeOnLoad (7ms)
			EditorAssembliesLoaded (1ms)
		ExecutionOrderSort2 (0ms)
		AwakeInstancesAfterBackupRestoration (19ms)
Shader 'Custom/DissolveShader': fallback shader 'Transparent' not found
Refreshing native plugins compatible for Editor in 20.18 ms, found 8 plugins.
Preloading 0 native plugins for Editor in 0.00 ms.
Unloading 5698 Unused Serialized files (Serialized files now loaded: 0)
Unloading 26 unused Assets / (319.3 KB). Loaded Objects now: 6414.
Memory consumption went from 212.6 MB to 212.3 MB.
Total: 72.121100 ms (FindLiveObjects: 0.558200 ms CreateObjectMapping: 0.171200 ms MarkObjects: 71.055800 ms  DeleteObjects: 0.334600 ms)

Prepare: number of updated asset objects reloaded= 0
AssetImportParameters requested are different than current active one (requested -> active):
  custom:container-demuxer-ogg: 62fdf1f143b41e24485cea50d1cbac27 -> 
  custom:scripting/monoscript/fileName/SoundManager.cs: 97b8b7f19e31a376baf624982cbfe12a -> 
  custom:video-codec-MediaFoundation-h265: 746d11721c4dcdbdad8f713fa42b33f4 -> 
  custom:video-decoder-ogg-theora: a1e56fd34408186e4bbccfd4996cb3dc -> 
  custom:framework-win-MediaFoundation: 216162199b28c13a410421893ffa2e32 -> 
  custom:CustomObjectIndexerAttribute: 72b91833f83ae208fae7752999fa3104 -> 
  custom:container-demuxer-webm: 4f35f7cbe854078d1ac9338744f61a02 -> 
  custom:container-muxer-webm: aa71ff27fc2769a1b78a27578f13a17b -> 
  custom:video-decoder-webm-vp8: 9c59270c3fd7afecdb556c50c9e8de78 -> 
  custom:SearchIndexIgnoredProperties: e643bd26f0fe6173181afceb89e7c659 -> 
  custom:AudioImporter_EditorPlatform: d09bf68614088b80899f8185d706f6e7 -> 
  custom:video-encoder-webm-vp8: eb34c28f22e8b96e1ab97ce403110664 -> 
  custom:audio-decoder-ogg-vorbis: bf7c407c2cedff20999df2af8eb42d56 -> 
  custom:scripting/monoscript/fileName/BgmMuteButton.cs: d84bb2a6a12764b2c13bb5cc9f702946 -> 
  custom:scripting/monoscript/fileName/SFXMuteButton.cs: 39fa7c2fc6470df32a47c6d42f972471 -> 
  custom:audio-encoder-webm-vorbis: bf7c407c2cedff20999df2af8eb42d56 -> 
  custom:scripting/precompiled-assembly-types:Assembly-CSharp: 34134a0888d5f95dfb9e1588a132a75c -> 48487eaec839922ed5045636d00a2b7f
========================================================================
Received Prepare
Caller must complete domain reload
Begin MonoManager ReloadAssembly
- Loaded All Assemblies, in  3.233 seconds
Native extension for UWP target not found
Native extension for WindowsStandalone target not found
Native extension for WebGL target not found
[Package Manager] Server::EnsureServerProcessIsRunning -- launch failed, reason: Unity was launched with the -noUpm command-line argument
[Package Manager] UpmClient::Send -- Unable to send message (not connected to UPM process).
[Package Manager] Cannot connect to Unity Package Manager local server
Mono: successfully reloaded assembly
- Finished resetting the current domain, in  3.456 seconds
Domain Reload Profiling: 6718ms
	BeginReloadAssembly (1144ms)
		ExecutionOrderSort (0ms)
		DisableScriptedObjects (490ms)
		BackupInstance (0ms)
		ReleaseScriptingObjects (1ms)
		CreateAndSetChildDomain (158ms)
	RebuildCommonClasses (26ms)
	RebuildNativeTypeToScriptingClass (9ms)
	initialDomainReloadingComplete (34ms)
	LoadAllAssembliesAndSetupDomain (2049ms)
		LoadAssemblies (2135ms)
		RebuildTransferFunctionScriptingTraits (0ms)
		AnalyzeDomain (86ms)
			TypeCache.Refresh (38ms)
				TypeCache.ScanAssembly (4ms)
			ScanForSourceGeneratedMonoScriptInfo (30ms)
			ResolveRequiredComponents (16ms)
	FinalizeReload (3457ms)
		ReleaseScriptCaches (0ms)
		RebuildScriptCaches (0ms)
		SetupLoadedEditorAssemblies (449ms)
			LogAssemblyErrors (0ms)
			InitializePlatformSupportModulesInManaged (11ms)
			SetLoadedEditorAssemblies (7ms)
			RefreshPlugins (0ms)
			BeforeProcessingInitializeOnLoad (69ms)
			ProcessInitializeOnLoadAttributes (301ms)
			ProcessInitializeOnLoadMethodAttributes (54ms)
			AfterProcessingInitializeOnLoad (7ms)
			EditorAssembliesLoaded (0ms)
		ExecutionOrderSort2 (0ms)
		AwakeInstancesAfterBackupRestoration (12ms)
Shader 'Custom/DissolveShader': fallback shader 'Transparent' not found
Refreshing native plugins compatible for Editor in 27.37 ms, found 8 plugins.
Preloading 0 native plugins for Editor in 0.00 ms.
Unloading 5698 Unused Serialized files (Serialized files now loaded: 0)
Unloading 26 unused Assets / (319.3 KB). Loaded Objects now: 6419.
Memory consumption went from 212.6 MB to 212.3 MB.
Total: 9.893800 ms (FindLiveObjects: 0.533400 ms CreateObjectMapping: 0.321700 ms MarkObjects: 8.189200 ms  DeleteObjects: 0.848000 ms)

Prepare: number of updated asset objects reloaded= 0
AssetImportParameters requested are different than current active one (requested -> active):
  custom:container-demuxer-ogg: 62fdf1f143b41e24485cea50d1cbac27 -> 
  custom:scripting/monoscript/fileName/SoundManager.cs: 97b8b7f19e31a376baf624982cbfe12a -> 
  custom:video-codec-MediaFoundation-h265: 746d11721c4dcdbdad8f713fa42b33f4 -> 
  custom:video-decoder-ogg-theora: a1e56fd34408186e4bbccfd4996cb3dc -> 
  custom:framework-win-MediaFoundation: 216162199b28c13a410421893ffa2e32 -> 
  custom:CustomObjectIndexerAttribute: 72b91833f83ae208fae7752999fa3104 -> 
  custom:container-demuxer-webm: 4f35f7cbe854078d1ac9338744f61a02 -> 
  custom:container-muxer-webm: aa71ff27fc2769a1b78a27578f13a17b -> 
  custom:video-decoder-webm-vp8: 9c59270c3fd7afecdb556c50c9e8de78 -> 
  custom:SearchIndexIgnoredProperties: e643bd26f0fe6173181afceb89e7c659 -> 
  custom:AudioImporter_EditorPlatform: d09bf68614088b80899f8185d706f6e7 -> 
  custom:video-encoder-webm-vp8: eb34c28f22e8b96e1ab97ce403110664 -> 
  custom:audio-decoder-ogg-vorbis: bf7c407c2cedff20999df2af8eb42d56 -> 
  custom:scripting/monoscript/fileName/BgmMuteButton.cs: d84bb2a6a12764b2c13bb5cc9f702946 -> 
  custom:scripting/monoscript/fileName/SFXMuteButton.cs: 39fa7c2fc6470df32a47c6d42f972471 -> 
  custom:audio-encoder-webm-vorbis: bf7c407c2cedff20999df2af8eb42d56 -> 
  custom:scripting/precompiled-assembly-types:Assembly-CSharp: 34134a0888d5f95dfb9e1588a132a75c -> 48487eaec839922ed5045636d00a2b7f
========================================================================
Received Prepare
Caller must complete domain reload
Begin MonoManager ReloadAssembly
- Loaded All Assemblies, in  2.963 seconds
Native extension for UWP target not found
Native extension for WindowsStandalone target not found
Native extension for WebGL target not found
[Package Manager] Server::EnsureServerProcessIsRunning -- launch failed, reason: Unity was launched with the -noUpm command-line argument
[Package Manager] UpmClient::Send -- Unable to send message (not connected to UPM process).
[Package Manager] Cannot connect to Unity Package Manager local server
Mono: successfully reloaded assembly
- Finished resetting the current domain, in  2.513 seconds
Domain Reload Profiling: 5472ms
	BeginReloadAssembly (1393ms)
		ExecutionOrderSort (0ms)
		DisableScriptedObjects (77ms)
		BackupInstance (0ms)
		ReleaseScriptingObjects (3ms)
		CreateAndSetChildDomain (817ms)
	RebuildCommonClasses (46ms)
	RebuildNativeTypeToScriptingClass (15ms)
	initialDomainReloadingComplete (56ms)
	LoadAllAssembliesAndSetupDomain (1450ms)
		LoadAssemblies (1734ms)
		RebuildTransferFunctionScriptingTraits (0ms)
		AnalyzeDomain (22ms)
			TypeCache.Refresh (8ms)
				TypeCache.ScanAssembly (0ms)
			ScanForSourceGeneratedMonoScriptInfo (0ms)
			ResolveRequiredComponents (12ms)
	FinalizeReload (2513ms)
		ReleaseScriptCaches (0ms)
		RebuildScriptCaches (0ms)
		SetupLoadedEditorAssemblies (510ms)
			LogAssemblyErrors (0ms)
			InitializePlatformSupportModulesInManaged (13ms)
			SetLoadedEditorAssemblies (9ms)
			RefreshPlugins (0ms)
			BeforeProcessingInitializeOnLoad (85ms)
			ProcessInitializeOnLoadAttributes (331ms)
			ProcessInitializeOnLoadMethodAttributes (63ms)
			AfterProcessingInitializeOnLoad (8ms)
			EditorAssembliesLoaded (1ms)
		ExecutionOrderSort2 (0ms)
		AwakeInstancesAfterBackupRestoration (15ms)
Shader 'Custom/DissolveShader': fallback shader 'Transparent' not found
Refreshing native plugins compatible for Editor in 7.77 ms, found 8 plugins.
Preloading 0 native plugins for Editor in 0.00 ms.
Unloading 5698 Unused Serialized files (Serialized files now loaded: 0)
Unloading 26 unused Assets / (319.3 KB). Loaded Objects now: 6424.
Memory consumption went from 212.6 MB to 212.3 MB.
Total: 6.270800 ms (FindLiveObjects: 0.755200 ms CreateObjectMapping: 0.394400 ms MarkObjects: 4.960200 ms  DeleteObjects: 0.159400 ms)

Prepare: number of updated asset objects reloaded= 1
AssetImportParameters requested are different than current active one (requested -> active):
  custom:container-demuxer-ogg: 62fdf1f143b41e24485cea50d1cbac27 -> 
  custom:scripting/monoscript/fileName/SoundManager.cs: 97b8b7f19e31a376baf624982cbfe12a -> 
  custom:video-codec-MediaFoundation-h265: 746d11721c4dcdbdad8f713fa42b33f4 -> 
  custom:video-decoder-ogg-theora: a1e56fd34408186e4bbccfd4996cb3dc -> 
  custom:framework-win-MediaFoundation: 216162199b28c13a410421893ffa2e32 -> 
  custom:CustomObjectIndexerAttribute: 72b91833f83ae208fae7752999fa3104 -> 
  custom:container-demuxer-webm: 4f35f7cbe854078d1ac9338744f61a02 -> 
  custom:container-muxer-webm: aa71ff27fc2769a1b78a27578f13a17b -> 
  custom:video-decoder-webm-vp8: 9c59270c3fd7afecdb556c50c9e8de78 -> 
  custom:SearchIndexIgnoredProperties: e643bd26f0fe6173181afceb89e7c659 -> 
  custom:AudioImporter_EditorPlatform: d09bf68614088b80899f8185d706f6e7 -> 
  custom:video-encoder-webm-vp8: eb34c28f22e8b96e1ab97ce403110664 -> 
  custom:audio-decoder-ogg-vorbis: bf7c407c2cedff20999df2af8eb42d56 -> 
  custom:scripting/monoscript/fileName/BgmMuteButton.cs: d84bb2a6a12764b2c13bb5cc9f702946 -> 
  custom:scripting/monoscript/fileName/SFXMuteButton.cs: 39fa7c2fc6470df32a47c6d42f972471 -> 
  custom:audio-encoder-webm-vorbis: bf7c407c2cedff20999df2af8eb42d56 -> 
  custom:scripting/precompiled-assembly-types:Assembly-CSharp: 34134a0888d5f95dfb9e1588a132a75c -> 48487eaec839922ed5045636d00a2b7f
========================================================================
Received Import Request.
  Time since last request: 320.499264 seconds.
  path: ProjectSettings/TagManager.asset
  artifactKey: Guid(00000000000000003000000000000000) Importer(815301076,1909f56bfc062723c751e8b465ee728b)
Start importing ProjectSettings/TagManager.asset using Guid(00000000000000003000000000000000) Importer(815301076,1909f56bfc062723c751e8b465ee728b) [PhysX] Initialized MultithreadedTaskDispatcher with 12 workers.
 -> (artifact id: '44e46468e7e9e24603edc3a6389de4b1') in 0.067986 seconds
Number of updated asset objects reloaded before import = 0
Number of asset objects unloaded after import = 0
========================================================================
Received Import Request.
  Time since last request: 15.658533 seconds.
  path: Assets/Room Test/Room Variant/Town/Town.prefab
  artifactKey: Guid(eb0ac3ab3ea96174689870703c451735) Importer(815301076,1909f56bfc062723c751e8b465ee728b)
Start importing Assets/Room Test/Room Variant/Town/Town.prefab using Guid(eb0ac3ab3ea96174689870703c451735) Importer(815301076,1909f56bfc062723c751e8b465ee728b) [PhysX] Initialized MultithreadedTaskDispatcher with 12 workers.
[PhysX] Initialized MultithreadedTaskDispatcher with 12 workers.
 -> (artifact id: 'e356d5153bb812d411fd42244aa191f3') in 0.429779 seconds
Number of updated asset objects reloaded before import = 0
Number of asset objects unloaded after import = 65
========================================================================
Received Import Request.
  Time since last request: 0.738228 seconds.
  path: Assets/Scenes/level/Town.unity
  artifactKey: Guid(aa783186a62a1e841b7f865ec26c65cc) Importer(815301076,1909f56bfc062723c751e8b465ee728b)
Start importing Assets/Scenes/level/Town.unity using Guid(aa783186a62a1e841b7f865ec26c65cc) Importer(815301076,1909f56bfc062723c751e8b465ee728b) [PhysX] Initialized MultithreadedTaskDispatcher with 12 workers.
 -> (artifact id: 'ef2ed97aa00633ae59ffaabefa650189') in 0.001345 seconds
Number of updated asset objects reloaded before import = 0
Number of asset objects unloaded after import = 0
========================================================================
Received Import Request.
  Time since last request: 18.222608 seconds.
  path: Assets/Editor/Grand Stage slime.prefab
  artifactKey: Guid(3d4b0e7fff4cd00479894132fbac79f9) Importer(815301076,1909f56bfc062723c751e8b465ee728b)
Start importing Assets/Editor/Grand Stage slime.prefab using Guid(3d4b0e7fff4cd00479894132fbac79f9) Importer(815301076,1909f56bfc062723c751e8b465ee728b) [PhysX] Initialized MultithreadedTaskDispatcher with 12 workers.
 -> (artifact id: 'dddb221cc875b0d4e58bf4de06e98485') in 0.003058 seconds
Number of updated asset objects reloaded before import = 0
Number of asset objects unloaded after import = 0
========================================================================
Received Import Request.
  Time since last request: 0.005630 seconds.
  path: Assets/Boss/Grand Slime/Stage.prefab
  artifactKey: Guid(ae5e136ea0b6b59439a3490ebc51f57d) Importer(815301076,1909f56bfc062723c751e8b465ee728b)
Start importing Assets/Boss/Grand Slime/Stage.prefab using Guid(ae5e136ea0b6b59439a3490ebc51f57d) Importer(815301076,1909f56bfc062723c751e8b465ee728b) [PhysX] Initialized MultithreadedTaskDispatcher with 12 workers.
 -> (artifact id: '5bb414a6bdfd6ec27a12eb326cfa4668') in 0.000928 seconds
Number of updated asset objects reloaded before import = 0
Number of asset objects unloaded after import = 0
========================================================================
Received Import Request.
  Time since last request: 0.000321 seconds.
  path: Assets/SFX/Music/Stage1.mp3
  artifactKey: Guid(c67157550bf0fd54e88561ec0b985d3a) Importer(815301076,1909f56bfc062723c751e8b465ee728b)
Start importing Assets/SFX/Music/Stage1.mp3 using Guid(c67157550bf0fd54e88561ec0b985d3a) Importer(815301076,1909f56bfc062723c751e8b465ee728b) [PhysX] Initialized MultithreadedTaskDispatcher with 12 workers.
[PhysX] Initialized MultithreadedTaskDispatcher with 12 workers.
 -> (artifact id: '1f1387e7c153e2519cb1c6057f44c93f') in 0.120872 seconds
Number of updated asset objects reloaded before import = 0
Number of asset objects unloaded after import = 2
========================================================================
Received Import Request.
  Time since last request: 0.000043 seconds.
  path: Assets/Room Test/Room Variant/Void Heart/Design/Stage4Wall.png
  artifactKey: Guid(a22344cedb2b89f40bb4fbcf1bbcc1d8) Importer(815301076,1909f56bfc062723c751e8b465ee728b)
Start importing Assets/Room Test/Room Variant/Void Heart/Design/Stage4Wall.png using Guid(a22344cedb2b89f40bb4fbcf1bbcc1d8) Importer(815301076,1909f56bfc062723c751e8b465ee728b) [PhysX] Initialized MultithreadedTaskDispatcher with 12 workers.
[PhysX] Initialized MultithreadedTaskDispatcher with 12 workers.
 -> (artifact id: '8fb3e228f3ebd9f2339cfb9ea2d82827') in 0.068880 seconds
Number of updated asset objects reloaded before import = 0
Number of asset objects unloaded after import = 3
========================================================================
Received Import Request.
  Time since last request: 0.000034 seconds.
  path: Assets/Room Test/Room Variant/Void Heart/Design/Stage4wall2.asset
  artifactKey: Guid(8c8725eae53600c46be4369a66b51584) Importer(815301076,1909f56bfc062723c751e8b465ee728b)
Start importing Assets/Room Test/Room Variant/Void Heart/Design/Stage4wall2.asset using Guid(8c8725eae53600c46be4369a66b51584) Importer(815301076,1909f56bfc062723c751e8b465ee728b) [PhysX] Initialized MultithreadedTaskDispatcher with 12 workers.
 -> (artifact id: 'e17b4915c5d2e382645f6c5c4a9a12ca') in 0.021724 seconds
Number of updated asset objects reloaded before import = 0
Number of asset objects unloaded after import = 3
========================================================================
Received Import Request.
  Time since last request: 0.000408 seconds.
  path: Assets/Room Test/Room Variant/Level4/Design/Stage4Wall.png
  artifactKey: Guid(2f83788d491b34147a2cd15c74ebb75a) Importer(815301076,1909f56bfc062723c751e8b465ee728b)
Start importing Assets/Room Test/Room Variant/Level4/Design/Stage4Wall.png using Guid(2f83788d491b34147a2cd15c74ebb75a) Importer(815301076,1909f56bfc062723c751e8b465ee728b) [PhysX] Initialized MultithreadedTaskDispatcher with 12 workers.
[PhysX] Initialized MultithreadedTaskDispatcher with 12 workers.
 -> (artifact id: 'a1f6d91a2844ea7c56723b9a86eb10af') in 0.034333 seconds
Number of updated asset objects reloaded before import = 0
Number of asset objects unloaded after import = 3
========================================================================
Received Import Request.
  Time since last request: 0.000025 seconds.
  path: Assets/Room Test/Room Variant/Level3/Design/stage3wall2.asset
  artifactKey: Guid(c47b74f1af427414ca3ee7264297c7af) Importer(815301076,1909f56bfc062723c751e8b465ee728b)
Start importing Assets/Room Test/Room Variant/Level3/Design/stage3wall2.asset using Guid(c47b74f1af427414ca3ee7264297c7af) Importer(815301076,1909f56bfc062723c751e8b465ee728b) [PhysX] Initialized MultithreadedTaskDispatcher with 12 workers.
 -> (artifact id: '131e6fcd0c316986270cae993a38d6d9') in 0.028046 seconds
Number of updated asset objects reloaded before import = 0
Number of asset objects unloaded after import = 3
========================================================================
Received Import Request.
  Time since last request: 0.000025 seconds.
  path: Assets/SFX/Music/Stage4.mp3
  artifactKey: Guid(3eae98462695eff45b48d2497f2e2ef5) Importer(815301076,1909f56bfc062723c751e8b465ee728b)
Start importing Assets/SFX/Music/Stage4.mp3 using Guid(3eae98462695eff45b48d2497f2e2ef5) Importer(815301076,1909f56bfc062723c751e8b465ee728b) [PhysX] Initialized MultithreadedTaskDispatcher with 12 workers.
[PhysX] Initialized MultithreadedTaskDispatcher with 12 workers.
 -> (artifact id: 'eb3968edfeb15a762ca985d5dfdc9107') in 0.014458 seconds
Number of updated asset objects reloaded before import = 0
Number of asset objects unloaded after import = 2
========================================================================
Received Import Request.
  Time since last request: 1.428375 seconds.
  path: Assets/Stage1.unity
  artifactKey: Guid(55aa93886b9e7e744a8e9c3bf7f15daf) Importer(815301076,1909f56bfc062723c751e8b465ee728b)
Start importing Assets/Stage1.unity using Guid(55aa93886b9e7e744a8e9c3bf7f15daf) Importer(815301076,1909f56bfc062723c751e8b465ee728b) [PhysX] Initialized MultithreadedTaskDispatcher with 12 workers.
 -> (artifact id: 'fe0c82de0b5fae552284e5cec1be1931') in 0.001674 seconds
Number of updated asset objects reloaded before import = 0
Number of asset objects unloaded after import = 0
========================================================================
Received Import Request.
  Time since last request: 102.158138 seconds.
  path: Assets/Editor/Grand Stage slime.prefab
  artifactKey: Guid(3d4b0e7fff4cd00479894132fbac79f9) Importer(815301076,1909f56bfc062723c751e8b465ee728b)
Start importing Assets/Editor/Grand Stage slime.prefab using Guid(3d4b0e7fff4cd00479894132fbac79f9) Importer(815301076,1909f56bfc062723c751e8b465ee728b) [PhysX] Initialized MultithreadedTaskDispatcher with 12 workers.
 -> (artifact id: 'dddb221cc875b0d4e58bf4de06e98485') in 0.009605 seconds
Number of updated asset objects reloaded before import = 0
Number of asset objects unloaded after import = 0
========================================================================
Received Import Request.
  Time since last request: 1.007918 seconds.
  path: Assets/Scenes/level/Stage2.unity
  artifactKey: Guid(0a3d324cfa38d4242b19b6108e6d7dbf) Importer(815301076,1909f56bfc062723c751e8b465ee728b)
Start importing Assets/Scenes/level/Stage2.unity using Guid(0a3d324cfa38d4242b19b6108e6d7dbf) Importer(815301076,1909f56bfc062723c751e8b465ee728b) [PhysX] Initialized MultithreadedTaskDispatcher with 12 workers.
 -> (artifact id: 'f0dafd0752e03b13d26b3ee4456b5817') in 0.006832 seconds
Number of updated asset objects reloaded before import = 0
Number of asset objects unloaded after import = 0
========================================================================
Received Import Request.
  Time since last request: 121.138288 seconds.
  path: Assets/Scenes/level/Stage3.unity
  artifactKey: Guid(c26c7f2c5121c1e4b973f94074b421b1) Importer(815301076,1909f56bfc062723c751e8b465ee728b)
Start importing Assets/Scenes/level/Stage3.unity using Guid(c26c7f2c5121c1e4b973f94074b421b1) Importer(815301076,1909f56bfc062723c751e8b465ee728b) [PhysX] Initialized MultithreadedTaskDispatcher with 12 workers.
 -> (artifact id: '5217cfd4d56ddb88156d31f6655a45f7') in 0.004442 seconds
Number of updated asset objects reloaded before import = 0
Number of asset objects unloaded after import = 0
========================================================================
Received Import Request.
  Time since last request: 22.298232 seconds.
  path: Assets/Room Test/Room Variant/Level4/Design/Stage4wall2.png
  artifactKey: Guid(76d920cc1ecb4c8408b83ec84afe7227) Importer(815301076,1909f56bfc062723c751e8b465ee728b)
Start importing Assets/Room Test/Room Variant/Level4/Design/Stage4wall2.png using Guid(76d920cc1ecb4c8408b83ec84afe7227) Importer(815301076,1909f56bfc062723c751e8b465ee728b) [PhysX] Initialized MultithreadedTaskDispatcher with 12 workers.
[PhysX] Initialized MultithreadedTaskDispatcher with 12 workers.
 -> (artifact id: '6717c4dd26531bd1b4a1736623070246') in 0.555436 seconds
Number of updated asset objects reloaded before import = 0
Number of asset objects unloaded after import = 3
========================================================================
Received Import Request.
  Time since last request: 0.203386 seconds.
  path: Assets/Scenes/level/Stage4.unity
  artifactKey: Guid(d2e524c7a56097e4aa6b4c9023d666fe) Importer(815301076,1909f56bfc062723c751e8b465ee728b)
Start importing Assets/Scenes/level/Stage4.unity using Guid(d2e524c7a56097e4aa6b4c9023d666fe) Importer(815301076,1909f56bfc062723c751e8b465ee728b) [PhysX] Initialized MultithreadedTaskDispatcher with 12 workers.
 -> (artifact id: 'e4c4f049689a6ed80904a89fb361bf45') in 0.008356 seconds
Number of updated asset objects reloaded before import = 0
Number of asset objects unloaded after import = 0
========================================================================
Received Import Request.
  Time since last request: 11.891401 seconds.
  path: Assets/Sprite/Weapon/Void Base Gun.png
  artifactKey: Guid(8451d15c99eb5f842831305e0038c8e2) Importer(815301076,1909f56bfc062723c751e8b465ee728b)
Start importing Assets/Sprite/Weapon/Void Base Gun.png using Guid(8451d15c99eb5f842831305e0038c8e2) Importer(815301076,1909f56bfc062723c751e8b465ee728b) [PhysX] Initialized MultithreadedTaskDispatcher with 12 workers.
[PhysX] Initialized MultithreadedTaskDispatcher with 12 workers.
 -> (artifact id: '72c5eeb76a5827adebfb61b5378c8ddb') in 0.058188 seconds
Number of updated asset objects reloaded before import = 0
Number of asset objects unloaded after import = 3
========================================================================
Received Import Request.
  Time since last request: 0.000034 seconds.
  path: Assets/Boss/Void Heart/Move/Void Heart1.png
  artifactKey: Guid(32c13759648358542b3a02dcb4fe54f9) Importer(815301076,1909f56bfc062723c751e8b465ee728b)
Start importing Assets/Boss/Void Heart/Move/Void Heart1.png using Guid(32c13759648358542b3a02dcb4fe54f9) Importer(815301076,1909f56bfc062723c751e8b465ee728b) [PhysX] Initialized MultithreadedTaskDispatcher with 12 workers.
[PhysX] Initialized MultithreadedTaskDispatcher with 12 workers.
 -> (artifact id: 'c17ddc6c90c5870e87e104c415a27364') in 0.026718 seconds
Number of updated asset objects reloaded before import = 0
Number of asset objects unloaded after import = 3
========================================================================
Received Import Request.
  Time since last request: 0.000025 seconds.
  path: Assets/Room Test/Room Variant/Void Heart/Design/Void Heart.prefab
  artifactKey: Guid(be8bec42f86252d43b83541ae0e1ab23) Importer(815301076,1909f56bfc062723c751e8b465ee728b)
Start importing Assets/Room Test/Room Variant/Void Heart/Design/Void Heart.prefab using Guid(be8bec42f86252d43b83541ae0e1ab23) Importer(815301076,1909f56bfc062723c751e8b465ee728b) [PhysX] Initialized MultithreadedTaskDispatcher with 12 workers.
[PhysX] Initialized MultithreadedTaskDispatcher with 12 workers.
 -> (artifact id: 'c05be25d5f6f6f035ad1bdb74e462581') in 0.102335 seconds
Number of updated asset objects reloaded before import = 0
Number of asset objects unloaded after import = 23
========================================================================
Received Import Request.
  Time since last request: 0.000030 seconds.
  path: Assets/Boss/Void Heart/Void Heart.png
  artifactKey: Guid(4be1fe22a5aeb4942b1ed03a7da8cd58) Importer(815301076,1909f56bfc062723c751e8b465ee728b)
Start importing Assets/Boss/Void Heart/Void Heart.png using Guid(4be1fe22a5aeb4942b1ed03a7da8cd58) Importer(815301076,1909f56bfc062723c751e8b465ee728b) [PhysX] Initialized MultithreadedTaskDispatcher with 12 workers.
[PhysX] Initialized MultithreadedTaskDispatcher with 12 workers.
 -> (artifact id: '87e7b3a31ebdbb9545aca525344899e7') in 0.011634 seconds
Number of updated asset objects reloaded before import = 0
Number of asset objects unloaded after import = 3
========================================================================
Received Import Request.
  Time since last request: 0.000038 seconds.
  path: Assets/Boss/Void Heart/Move/Void Heart2.png
  artifactKey: Guid(342a945f7818ae44088d695793850c1f) Importer(815301076,1909f56bfc062723c751e8b465ee728b)
Start importing Assets/Boss/Void Heart/Move/Void Heart2.png using Guid(342a945f7818ae44088d695793850c1f) Importer(815301076,1909f56bfc062723c751e8b465ee728b) [PhysX] Initialized MultithreadedTaskDispatcher with 12 workers.
[PhysX] Initialized MultithreadedTaskDispatcher with 12 workers.
 -> (artifact id: 'b2cd217a1c799ac01527d86fa91f4502') in 0.018226 seconds
Number of updated asset objects reloaded before import = 0
Number of asset objects unloaded after import = 3
========================================================================
Received Import Request.
  Time since last request: 15.591952 seconds.
  path: Assets/Sprite/Boss/Grand Ghost.png
  artifactKey: Guid(bc9b7df21912e4f49bf1a197a67a72b6) Importer(815301076,1909f56bfc062723c751e8b465ee728b)
Start importing Assets/Sprite/Boss/Grand Ghost.png using Guid(bc9b7df21912e4f49bf1a197a67a72b6) Importer(815301076,1909f56bfc062723c751e8b465ee728b) [PhysX] Initialized MultithreadedTaskDispatcher with 12 workers.
[PhysX] Initialized MultithreadedTaskDispatcher with 12 workers.
 -> (artifact id: '4b0d72a23ccea8452390aa134f07e28e') in 0.059387 seconds
Number of updated asset objects reloaded before import = 0
Number of asset objects unloaded after import = 3
========================================================================
Received Import Request.
  Time since last request: 0.000034 seconds.
  path: Assets/Boss/Acestral Spectre/Idle/Grand Ghost7.png
  artifactKey: Guid(5aa519cecae3d3548be4a467a9de7e5b) Importer(815301076,1909f56bfc062723c751e8b465ee728b)
Start importing Assets/Boss/Acestral Spectre/Idle/Grand Ghost7.png using Guid(5aa519cecae3d3548be4a467a9de7e5b) Importer(815301076,1909f56bfc062723c751e8b465ee728b) [PhysX] Initialized MultithreadedTaskDispatcher with 12 workers.
[PhysX] Initialized MultithreadedTaskDispatcher with 12 workers.
 -> (artifact id: '5d499e784055b4cedd7da4a1524f1a71') in 0.028170 seconds
Number of updated asset objects reloaded before import = 0
Number of asset objects unloaded after import = 3
========================================================================
Received Import Request.
  Time since last request: 0.000032 seconds.
  path: Assets/Boss/Acestral Spectre/Idle/Grand Ghost8.png
  artifactKey: Guid(fda66ea22760d1f46a4de885fcf3f285) Importer(815301076,1909f56bfc062723c751e8b465ee728b)
Start importing Assets/Boss/Acestral Spectre/Idle/Grand Ghost8.png using Guid(fda66ea22760d1f46a4de885fcf3f285) Importer(815301076,1909f56bfc062723c751e8b465ee728b) [PhysX] Initialized MultithreadedTaskDispatcher with 12 workers.
[PhysX] Initialized MultithreadedTaskDispatcher with 12 workers.
 -> (artifact id: 'd8b5dd55173afa7507057174f8f1654d') in 0.024988 seconds
Number of updated asset objects reloaded before import = 0
Number of asset objects unloaded after import = 3
========================================================================
Received Import Request.
  Time since last request: 1.931784 seconds.
  path: Assets/Boss/Acestral Spectre/Idle/Grand Ghost12.png
  artifactKey: Guid(cac34e783e5b2f344a4dd00887fdb045) Importer(815301076,1909f56bfc062723c751e8b465ee728b)
Start importing Assets/Boss/Acestral Spectre/Idle/Grand Ghost12.png using Guid(cac34e783e5b2f344a4dd00887fdb045) Importer(815301076,1909f56bfc062723c751e8b465ee728b) [PhysX] Initialized MultithreadedTaskDispatcher with 12 workers.
[PhysX] Initialized MultithreadedTaskDispatcher with 12 workers.
 -> (artifact id: 'dcefbfccf0819f466e696314df575a2a') in 0.024463 seconds
Number of updated asset objects reloaded before import = 0
Number of asset objects unloaded after import = 3
========================================================================
Received Import Request.
  Time since last request: 0.000166 seconds.
  path: Assets/Boss/Grand Slime/Grand Slime Big blast.prefab
  artifactKey: Guid(33cef4f11a4988849bab69aba37d52e1) Importer(815301076,1909f56bfc062723c751e8b465ee728b)
Start importing Assets/Boss/Grand Slime/Grand Slime Big blast.prefab using Guid(33cef4f11a4988849bab69aba37d52e1) Importer(815301076,1909f56bfc062723c751e8b465ee728b) [PhysX] Initialized MultithreadedTaskDispatcher with 12 workers.
 -> (artifact id: '699e44d0bd81a1dbcdb56dc98dd0c574') in 0.001812 seconds
Number of updated asset objects reloaded before import = 0
Number of asset objects unloaded after import = 0
========================================================================
Received Import Request.
  Time since last request: 0.000079 seconds.
  path: Assets/Editor/Grand Stage slime.prefab
  artifactKey: Guid(3d4b0e7fff4cd00479894132fbac79f9) Importer(815301076,1909f56bfc062723c751e8b465ee728b)
Start importing Assets/Editor/Grand Stage slime.prefab using Guid(3d4b0e7fff4cd00479894132fbac79f9) Importer(815301076,1909f56bfc062723c751e8b465ee728b) [PhysX] Initialized MultithreadedTaskDispatcher with 12 workers.
 -> (artifact id: 'dddb221cc875b0d4e58bf4de06e98485') in 0.000862 seconds
Number of updated asset objects reloaded before import = 0
Number of asset objects unloaded after import = 0
========================================================================
Received Import Request.
  Time since last request: 0.000091 seconds.
  path: Assets/Boss/Grand Slime/GrandSlime.prefab
  artifactKey: Guid(49bd2d0bb17bc8344b8ba36b2c52151d) Importer(815301076,1909f56bfc062723c751e8b465ee728b)
Start importing Assets/Boss/Grand Slime/GrandSlime.prefab using Guid(49bd2d0bb17bc8344b8ba36b2c52151d) Importer(815301076,1909f56bfc062723c751e8b465ee728b) [PhysX] Initialized MultithreadedTaskDispatcher with 12 workers.
 -> (artifact id: '9832b87f35b7160a0170e4d0f28c5785') in 0.000771 seconds
Number of updated asset objects reloaded before import = 0
Number of asset objects unloaded after import = 0
========================================================================
Received Import Request.
  Time since last request: 3.379858 seconds.
  path: Assets/Editor/Grand Stage slime.prefab
  artifactKey: Guid(3d4b0e7fff4cd00479894132fbac79f9) Importer(815301076,1909f56bfc062723c751e8b465ee728b)
Start importing Assets/Editor/Grand Stage slime.prefab using Guid(3d4b0e7fff4cd00479894132fbac79f9) Importer(815301076,1909f56bfc062723c751e8b465ee728b) [PhysX] Initialized MultithreadedTaskDispatcher with 12 workers.
 -> (artifact id: 'dddb221cc875b0d4e58bf4de06e98485') in 0.001631 seconds
Number of updated asset objects reloaded before import = 0
Number of asset objects unloaded after import = 0
========================================================================
Received Import Request.
  Time since last request: 26.198078 seconds.
  path: Assets/Boss/Acestral Spectre/Attack/attack2.png
  artifactKey: Guid(382a9863a81a22246833a52680256a2c) Importer(815301076,1909f56bfc062723c751e8b465ee728b)
Start importing Assets/Boss/Acestral Spectre/Attack/attack2.png using Guid(382a9863a81a22246833a52680256a2c) Importer(815301076,1909f56bfc062723c751e8b465ee728b) [PhysX] Initialized MultithreadedTaskDispatcher with 12 workers.
[PhysX] Initialized MultithreadedTaskDispatcher with 12 workers.
 -> (artifact id: 'c28149ffb15528af0c9f71b3fbdfd408') in 0.039591 seconds
Number of updated asset objects reloaded before import = 0
Number of asset objects unloaded after import = 3
========================================================================
Received Import Request.
  Time since last request: 0.000024 seconds.
  path: Assets/Boss/Acestral Spectre/Attack/attack6.png
  artifactKey: Guid(d48a2aa4927db1b488f642e187d20472) Importer(815301076,1909f56bfc062723c751e8b465ee728b)
Start importing Assets/Boss/Acestral Spectre/Attack/attack6.png using Guid(d48a2aa4927db1b488f642e187d20472) Importer(815301076,1909f56bfc062723c751e8b465ee728b) [PhysX] Initialized MultithreadedTaskDispatcher with 12 workers.
[PhysX] Initialized MultithreadedTaskDispatcher with 12 workers.
 -> (artifact id: '61fabb793a64c4bc0d40c3aadd466341') in 0.028236 seconds
Number of updated asset objects reloaded before import = 0
Number of asset objects unloaded after import = 3
========================================================================
Received Import Request.
  Time since last request: 0.000026 seconds.
  path: Assets/Boss/Grand Slime/Sprite/Attack/Attack4.png
  artifactKey: Guid(7dac914f9bf533b4bb95d8a9181f3bdc) Importer(815301076,1909f56bfc062723c751e8b465ee728b)
Start importing Assets/Boss/Grand Slime/Sprite/Attack/Attack4.png using Guid(7dac914f9bf533b4bb95d8a9181f3bdc) Importer(815301076,1909f56bfc062723c751e8b465ee728b) [PhysX] Initialized MultithreadedTaskDispatcher with 12 workers.
[PhysX] Initialized MultithreadedTaskDispatcher with 12 workers.
 -> (artifact id: '7f6ceca67a62347c63442d631dce1038') in 0.057545 seconds
Number of updated asset objects reloaded before import = 0
Number of asset objects unloaded after import = 3
========================================================================
Received Import Request.
  Time since last request: 0.768976 seconds.
  path: Assets/Boss/Acestral Spectre/Ancestral beam.prefab
  artifactKey: Guid(178b6a90cd8862041966e8d78bbfde8a) Importer(815301076,1909f56bfc062723c751e8b465ee728b)
Start importing Assets/Boss/Acestral Spectre/Ancestral beam.prefab using Guid(178b6a90cd8862041966e8d78bbfde8a) Importer(815301076,1909f56bfc062723c751e8b465ee728b) [PhysX] Initialized MultithreadedTaskDispatcher with 12 workers.
 -> (artifact id: '68f60aba084fa53321ea3e0501b06c9d') in 0.000799 seconds
Number of updated asset objects reloaded before import = 0
Number of asset objects unloaded after import = 0
========================================================================
Received Import Request.
  Time since last request: 0.002599 seconds.
  path: Assets/Boss/Acestral Spectre/Ancestral Spectre.prefab
  artifactKey: Guid(82c17b4a17279f34983dbb656e54d1dc) Importer(815301076,1909f56bfc062723c751e8b465ee728b)
Start importing Assets/Boss/Acestral Spectre/Ancestral Spectre.prefab using Guid(82c17b4a17279f34983dbb656e54d1dc) Importer(815301076,1909f56bfc062723c751e8b465ee728b) [PhysX] Initialized MultithreadedTaskDispatcher with 12 workers.
 -> (artifact id: 'b3fdf7bfdcf8e65e6f55a4bc8df634a7') in 0.001392 seconds
Number of updated asset objects reloaded before import = 0
Number of asset objects unloaded after import = 0
========================================================================
Received Import Request.
  Time since last request: 0.011918 seconds.
  path: Assets/Boss/Acestral Spectre/Ancestral Spectre Bullet.prefab
  artifactKey: Guid(6e802c746f02d6140a1229d1f41f1620) Importer(815301076,1909f56bfc062723c751e8b465ee728b)
Start importing Assets/Boss/Acestral Spectre/Ancestral Spectre Bullet.prefab using Guid(6e802c746f02d6140a1229d1f41f1620) Importer(815301076,1909f56bfc062723c751e8b465ee728b) [PhysX] Initialized MultithreadedTaskDispatcher with 12 workers.
 -> (artifact id: 'da79bbf6a41537869d866178763eff94') in 0.000851 seconds
Number of updated asset objects reloaded before import = 0
Number of asset objects unloaded after import = 0
========================================================================
Received Import Request.
  Time since last request: 0.008912 seconds.
  path: Assets/Boss/Progenitor/Ancestral Spirit.prefab
  artifactKey: Guid(3cb414ee4848b754abe21adfec44133f) Importer(815301076,1909f56bfc062723c751e8b465ee728b)
Start importing Assets/Boss/Progenitor/Ancestral Spirit.prefab using Guid(3cb414ee4848b754abe21adfec44133f) Importer(815301076,1909f56bfc062723c751e8b465ee728b) [PhysX] Initialized MultithreadedTaskDispatcher with 12 workers.
 -> (artifact id: '1370fb1d208aef198f4b5966c4153ac4') in 0.000878 seconds
Number of updated asset objects reloaded before import = 0
Number of asset objects unloaded after import = 0
========================================================================
Received Import Request.
  Time since last request: 3.905127 seconds.
  path: Assets/Boss/Acestral Spectre/Ancestral Spectre.prefab
  artifactKey: Guid(82c17b4a17279f34983dbb656e54d1dc) Importer(815301076,1909f56bfc062723c751e8b465ee728b)
Start importing Assets/Boss/Acestral Spectre/Ancestral Spectre.prefab using Guid(82c17b4a17279f34983dbb656e54d1dc) Importer(815301076,1909f56bfc062723c751e8b465ee728b) [PhysX] Initialized MultithreadedTaskDispatcher with 12 workers.
 -> (artifact id: 'b3fdf7bfdcf8e65e6f55a4bc8df634a7') in 0.001098 seconds
Number of updated asset objects reloaded before import = 0
Number of asset objects unloaded after import = 0
========================================================================
Received Import Request.
  Time since last request: 0.000068 seconds.
  path: Assets/Boss/Progenitor/Ancestral Spirit.prefab
  artifactKey: Guid(3cb414ee4848b754abe21adfec44133f) Importer(815301076,1909f56bfc062723c751e8b465ee728b)
Start importing Assets/Boss/Progenitor/Ancestral Spirit.prefab using Guid(3cb414ee4848b754abe21adfec44133f) Importer(815301076,1909f56bfc062723c751e8b465ee728b) [PhysX] Initialized MultithreadedTaskDispatcher with 12 workers.
 -> (artifact id: '1370fb1d208aef198f4b5966c4153ac4') in 0.000743 seconds
Number of updated asset objects reloaded before import = 0
Number of asset objects unloaded after import = 0
========================================================================
Received Import Request.
  Time since last request: 8.441365 seconds.
  path: Assets/SFX/Music/Automaton.mp3
  artifactKey: Guid(58e7a57d98b92024db3891471a44f6e5) Importer(815301076,1909f56bfc062723c751e8b465ee728b)
Start importing Assets/SFX/Music/Automaton.mp3 using Guid(58e7a57d98b92024db3891471a44f6e5) Importer(815301076,1909f56bfc062723c751e8b465ee728b) [PhysX] Initialized MultithreadedTaskDispatcher with 12 workers.
[PhysX] Initialized MultithreadedTaskDispatcher with 12 workers.
 -> (artifact id: 'a2851c3a641203f13af744100454cee6') in 0.021461 seconds
Number of updated asset objects reloaded before import = 0
Number of asset objects unloaded after import = 2
========================================================================
Received Import Request.
  Time since last request: 0.006150 seconds.
  path: Assets/Boss/Automaton/Automaton Bullet.prefab
  artifactKey: Guid(f595cf22aa9957947bf97e4567b55fcb) Importer(815301076,1909f56bfc062723c751e8b465ee728b)
Start importing Assets/Boss/Automaton/Automaton Bullet.prefab using Guid(f595cf22aa9957947bf97e4567b55fcb) Importer(815301076,1909f56bfc062723c751e8b465ee728b) [PhysX] Initialized MultithreadedTaskDispatcher with 12 workers.
 -> (artifact id: '75bd7546569ad1a43a2bd933e2fc339f') in 0.001782 seconds
Number of updated asset objects reloaded before import = 0
Number of asset objects unloaded after import = 0
========================================================================
Received Import Request.
  Time since last request: 25.826060 seconds.
  path: Assets/Room Test/Room Variant/Void Heart/Progenitor.prefab
  artifactKey: Guid(78af37b10cde04848bba0bcdfbd83957) Importer(815301076,1909f56bfc062723c751e8b465ee728b)
Start importing Assets/Room Test/Room Variant/Void Heart/Progenitor.prefab using Guid(78af37b10cde04848bba0bcdfbd83957) Importer(815301076,1909f56bfc062723c751e8b465ee728b) [PhysX] Initialized MultithreadedTaskDispatcher with 12 workers.
 -> (artifact id: '09e5501b946b767e473a37fcebc0a566') in 0.001386 seconds
Number of updated asset objects reloaded before import = 0
Number of asset objects unloaded after import = 0
========================================================================
Received Import Request.
  Time since last request: 0.001178 seconds.
  path: Assets/Sprite/Boss/Progenitor.png
  artifactKey: Guid(b3eadfaa569a6324cb4f40a308483858) Importer(815301076,1909f56bfc062723c751e8b465ee728b)
Start importing Assets/Sprite/Boss/Progenitor.png using Guid(b3eadfaa569a6324cb4f40a308483858) Importer(815301076,1909f56bfc062723c751e8b465ee728b) [PhysX] Initialized MultithreadedTaskDispatcher with 12 workers.
[PhysX] Initialized MultithreadedTaskDispatcher with 12 workers.
 -> (artifact id: '8378685bc6accb132e5ceb3672f0de82') in 0.025089 seconds
Number of updated asset objects reloaded before import = 0
Number of asset objects unloaded after import = 3
========================================================================
Received Import Request.
  Time since last request: 0.013709 seconds.
  path: Assets/Boss/Progenitor/Progenitor (1).prefab
  artifactKey: Guid(015d13ddbb0c66242a95d547a59c329b) Importer(815301076,1909f56bfc062723c751e8b465ee728b)
Start importing Assets/Boss/Progenitor/Progenitor (1).prefab using Guid(015d13ddbb0c66242a95d547a59c329b) Importer(815301076,1909f56bfc062723c751e8b465ee728b) [PhysX] Initialized MultithreadedTaskDispatcher with 12 workers.
 -> (artifact id: '91d73c52ca040abfad0d4f05dc0f89eb') in 0.001408 seconds
Number of updated asset objects reloaded before import = 0
Number of asset objects unloaded after import = 0
========================================================================
Received Import Request.
  Time since last request: 0.002508 seconds.
  path: Assets/Boss/Progenitor/Progenitor Battle .prefab
  artifactKey: Guid(796e2b4e84a745745af23c5017b9e01c) Importer(815301076,1909f56bfc062723c751e8b465ee728b)
Start importing Assets/Boss/Progenitor/Progenitor Battle .prefab using Guid(796e2b4e84a745745af23c5017b9e01c) Importer(815301076,1909f56bfc062723c751e8b465ee728b) [PhysX] Initialized MultithreadedTaskDispatcher with 12 workers.
 -> (artifact id: 'f032c3b760d150c7c2215ea90634ca5b') in 0.002545 seconds
Number of updated asset objects reloaded before import = 0
Number of asset objects unloaded after import = 0
========================================================================
Received Import Request.
  Time since last request: 0.000120 seconds.
  path: Assets/Boss/Progenitor/Sprite/Progenitor1.png
  artifactKey: Guid(bc9b42f07bd63524e8e1352bb73a609a) Importer(815301076,1909f56bfc062723c751e8b465ee728b)
Start importing Assets/Boss/Progenitor/Sprite/Progenitor1.png using Guid(bc9b42f07bd63524e8e1352bb73a609a) Importer(815301076,1909f56bfc062723c751e8b465ee728b) [PhysX] Initialized MultithreadedTaskDispatcher with 12 workers.
[PhysX] Initialized MultithreadedTaskDispatcher with 12 workers.
 -> (artifact id: 'c82c57d6f1420229f3acb3f4e3cf52bf') in 0.027192 seconds
Number of updated asset objects reloaded before import = 0
Number of asset objects unloaded after import = 3
========================================================================
Received Import Request.
  Time since last request: 0.000021 seconds.
  path: Assets/Boss/Progenitor/Sprite/Progenitor2.png
  artifactKey: Guid(c72a3280eefb2e14ebaa79cded557d31) Importer(815301076,1909f56bfc062723c751e8b465ee728b)
Start importing Assets/Boss/Progenitor/Sprite/Progenitor2.png using Guid(c72a3280eefb2e14ebaa79cded557d31) Importer(815301076,1909f56bfc062723c751e8b465ee728b) [PhysX] Initialized MultithreadedTaskDispatcher with 12 workers.
[PhysX] Initialized MultithreadedTaskDispatcher with 12 workers.
 -> (artifact id: '3141a9c5c127965227f5d8b2612788b9') in 0.021101 seconds
Number of updated asset objects reloaded before import = 0
Number of asset objects unloaded after import = 3
========================================================================
Received Import Request.
  Time since last request: 2.223368 seconds.
  path: Assets/Boss/Progenitor/Progenitor (1).prefab
  artifactKey: Guid(015d13ddbb0c66242a95d547a59c329b) Importer(815301076,1909f56bfc062723c751e8b465ee728b)
Start importing Assets/Boss/Progenitor/Progenitor (1).prefab using Guid(015d13ddbb0c66242a95d547a59c329b) Importer(815301076,1909f56bfc062723c751e8b465ee728b) [PhysX] Initialized MultithreadedTaskDispatcher with 12 workers.
 -> (artifact id: '91d73c52ca040abfad0d4f05dc0f89eb') in 0.001203 seconds
Number of updated asset objects reloaded before import = 0
Number of asset objects unloaded after import = 0
Editor requested this worker to shutdown with reason: Scaling down because of idle timeout
TcpMessagingSession - receive error: operation aborted. errorcode: 995, details: The I/O operation has been aborted because of either a thread exit or an application request.
AssetImportWorker is now disconnected from the server
Process exiting
Exiting without the bug reporter. Application will terminate with return code 0