Using pre-set license
Built from '2022.3/staging' branch; Version is '2022.3.42f1 (2dcb6a0abc42) revision 3001194'; Using compiler version '192829333'; Build Type 'Release'
OS: 'Windows 11  (10.0.26100) 64bit CoreSingleLanguage' Language: 'en' Physical Memory: 7482 MB
BatchMode: 1, IsHumanControllingUs: 0, StartBugReporterOnCrash: 0, Is64bit: 1, IsPro: 1

COMMAND LINE ARGUMENTS:
C:\Program Files\Unity\Hub\Editor\2022.3.42f1\Editor\Unity.exe
-adb2
-batchMode
-noUpm
-name
AssetImportWorker3
-projectPath
C:/Games/Tower-Of-Flux
-logFile
Logs/AssetImportWorker3.log
-srvPort
50904
Successfully changed project path to: C:/Games/Tower-Of-Flux
C:/Games/Tower-Of-Flux
[UnityMemory] Configuration Parameters - Can be set up in boot.config
    "memorysetup-bucket-allocator-granularity=16"
    "memorysetup-bucket-allocator-bucket-count=8"
    "memorysetup-bucket-allocator-block-size=33554432"
    "memorysetup-bucket-allocator-block-count=8"
    "memorysetup-main-allocator-block-size=16777216"
    "memorysetup-thread-allocator-block-size=16777216"
    "memorysetup-gfx-main-allocator-block-size=16777216"
    "memorysetup-gfx-thread-allocator-block-size=16777216"
    "memorysetup-cache-allocator-block-size=4194304"
    "memorysetup-typetree-allocator-block-size=2097152"
    "memorysetup-profiler-bucket-allocator-granularity=16"
    "memorysetup-profiler-bucket-allocator-bucket-count=8"
    "memorysetup-profiler-bucket-allocator-block-size=33554432"
    "memorysetup-profiler-bucket-allocator-block-count=8"
    "memorysetup-profiler-allocator-block-size=16777216"
    "memorysetup-profiler-editor-allocator-block-size=1048576"
    "memorysetup-temp-allocator-size-main=16777216"
    "memorysetup-job-temp-allocator-block-size=2097152"
    "memorysetup-job-temp-allocator-block-size-background=1048576"
    "memorysetup-job-temp-allocator-reduction-small-platforms=262144"
    "memorysetup-allocator-temp-initial-block-size-main=262144"
    "memorysetup-allocator-temp-initial-block-size-worker=262144"
    "memorysetup-temp-allocator-size-background-worker=32768"
    "memorysetup-temp-allocator-size-job-worker=262144"
    "memorysetup-temp-allocator-size-preload-manager=33554432"
    "memorysetup-temp-allocator-size-nav-mesh-worker=65536"
    "memorysetup-temp-allocator-size-audio-worker=65536"
    "memorysetup-temp-allocator-size-cloud-worker=32768"
    "memorysetup-temp-allocator-size-gi-baking-worker=262144"
    "memorysetup-temp-allocator-size-gfx=262144"
Player connection [31716]  Target information:

Player connection [31716]  * "[IP] 192.168.1.6 [Port] 0 [Flags] 2 [Guid] 4183099433 [EditorId] 4183099433 [Version] 1048832 [Id] WindowsEditor(7,LAPTOP-PC8JF07V) [Debug] 1 [PackageName] WindowsEditor [ProjectName] Editor" 

Player connection [31716] Host joined multi-casting on [225.0.0.222:54997]...
Player connection [31716] Host joined alternative multi-casting on [225.0.0.222:34997]...
[PhysX] Initialized MultithreadedTaskDispatcher with 12 workers.
Refreshing native plugins compatible for Editor in 37.23 ms, found 8 plugins.
Preloading 0 native plugins for Editor in 0.00 ms.
Initialize engine version: 2022.3.42f1 (2dcb6a0abc42)
[Subsystems] Discovering subsystems at path C:/Program Files/Unity/Hub/Editor/2022.3.42f1/Editor/Data/Resources/UnitySubsystems
[Subsystems] Discovering subsystems at path C:/Games/Tower-Of-Flux/Assets
GfxDevice: creating device client; threaded=0; jobified=0
Direct3D:
    Version:  Direct3D 11.0 [level 11.1]
    Renderer: NVIDIA GeForce RTX 4050 Laptop GPU (ID=0x28e1)
    Vendor:   NVIDIA
    VRAM:     5921 MB
    Driver:   32.0.15.6624
Shader 'Custom/DissolveShader': fallback shader 'Transparent' not found
Initialize mono
Mono path[0] = 'C:/Program Files/Unity/Hub/Editor/2022.3.42f1/Editor/Data/Managed'
Mono path[1] = 'C:/Program Files/Unity/Hub/Editor/2022.3.42f1/Editor/Data/MonoBleedingEdge/lib/mono/unityjit-win32'
Mono config path = 'C:/Program Files/Unity/Hub/Editor/2022.3.42f1/Editor/Data/MonoBleedingEdge/etc'
Using monoOptions --debugger-agent=transport=dt_socket,embedding=1,server=y,suspend=n,address=127.0.0.1:56516
Begin MonoManager ReloadAssembly
Registering precompiled unity dll's ...
Register platform support module: C:/Program Files/Unity/Hub/Editor/2022.3.42f1/Editor/Data/PlaybackEngines/WebGLSupport/UnityEditor.WebGL.Extensions.dll
Register platform support module: C:/Program Files/Unity/Hub/Editor/2022.3.42f1/Editor/Data/PlaybackEngines/WindowsStandaloneSupport/UnityEditor.WindowsStandalone.Extensions.dll
Register platform support module: C:/Program Files/Unity/Hub/Editor/2022.3.42f1/Editor/Data/PlaybackEngines/MetroSupport/UnityEditor.UWP.Extensions.dll
Registered in 0.129334 seconds.
- Loaded All Assemblies, in  0.824 seconds
Native extension for UWP target not found
Native extension for WindowsStandalone target not found
Native extension for WebGL target not found
Mono: successfully reloaded assembly
- Finished resetting the current domain, in  0.209 seconds
Domain Reload Profiling: 1031ms
	BeginReloadAssembly (188ms)
		ExecutionOrderSort (0ms)
		DisableScriptedObjects (0ms)
		BackupInstance (0ms)
		ReleaseScriptingObjects (0ms)
		CreateAndSetChildDomain (1ms)
	RebuildCommonClasses (35ms)
	RebuildNativeTypeToScriptingClass (7ms)
	initialDomainReloadingComplete (465ms)
	LoadAllAssembliesAndSetupDomain (126ms)
		LoadAssemblies (185ms)
		RebuildTransferFunctionScriptingTraits (0ms)
		AnalyzeDomain (124ms)
			TypeCache.Refresh (122ms)
				TypeCache.ScanAssembly (110ms)
			ScanForSourceGeneratedMonoScriptInfo (0ms)
			ResolveRequiredComponents (1ms)
	FinalizeReload (209ms)
		ReleaseScriptCaches (0ms)
		RebuildScriptCaches (0ms)
		SetupLoadedEditorAssemblies (176ms)
			LogAssemblyErrors (0ms)
			InitializePlatformSupportModulesInManaged (11ms)
			SetLoadedEditorAssemblies (5ms)
			RefreshPlugins (0ms)
			BeforeProcessingInitializeOnLoad (2ms)
			ProcessInitializeOnLoadAttributes (116ms)
			ProcessInitializeOnLoadMethodAttributes (41ms)
			AfterProcessingInitializeOnLoad (0ms)
			EditorAssembliesLoaded (0ms)
		ExecutionOrderSort2 (0ms)
		AwakeInstancesAfterBackupRestoration (0ms)
========================================================================
Worker process is ready to serve import requests
Caller must complete domain reload
Begin MonoManager ReloadAssembly
- Loaded All Assemblies, in  1.375 seconds
Native extension for UWP target not found
Native extension for WindowsStandalone target not found
Native extension for WebGL target not found
Package Manager log level set to [2]
[Package Manager] Server::EnsureServerProcessIsRunning -- launch failed, reason: Unity was launched with the -noUpm command-line argument
[Package Manager] UpmClient::Send -- Unable to send message (not connected to UPM process).
[Package Manager] Cannot connect to Unity Package Manager local server
Mono: successfully reloaded assembly
- Finished resetting the current domain, in  0.804 seconds
Domain Reload Profiling: 2153ms
	BeginReloadAssembly (269ms)
		ExecutionOrderSort (0ms)
		DisableScriptedObjects (6ms)
		BackupInstance (0ms)
		ReleaseScriptingObjects (0ms)
		CreateAndSetChildDomain (33ms)
	RebuildCommonClasses (39ms)
	RebuildNativeTypeToScriptingClass (11ms)
	initialDomainReloadingComplete (98ms)
	LoadAllAssembliesAndSetupDomain (932ms)
		LoadAssemblies (888ms)
		RebuildTransferFunctionScriptingTraits (0ms)
		AnalyzeDomain (230ms)
			TypeCache.Refresh (198ms)
				TypeCache.ScanAssembly (182ms)
			ScanForSourceGeneratedMonoScriptInfo (22ms)
			ResolveRequiredComponents (9ms)
	FinalizeReload (805ms)
		ReleaseScriptCaches (0ms)
		RebuildScriptCaches (0ms)
		SetupLoadedEditorAssemblies (656ms)
			LogAssemblyErrors (0ms)
			InitializePlatformSupportModulesInManaged (9ms)
			SetLoadedEditorAssemblies (5ms)
			RefreshPlugins (0ms)
			BeforeProcessingInitializeOnLoad (78ms)
			ProcessInitializeOnLoadAttributes (479ms)
			ProcessInitializeOnLoadMethodAttributes (78ms)
			AfterProcessingInitializeOnLoad (6ms)
			EditorAssembliesLoaded (0ms)
		ExecutionOrderSort2 (0ms)
		AwakeInstancesAfterBackupRestoration (6ms)
Shader 'Custom/DissolveShader': fallback shader 'Transparent' not found
Launched and connected shader compiler UnityShaderCompiler.exe after 0.15 seconds
Refreshing native plugins compatible for Editor in 8.77 ms, found 8 plugins.
Preloading 0 native plugins for Editor in 0.00 ms.
Unloading 5852 Unused Serialized files (Serialized files now loaded: 0)
Unloading 39 unused Assets / (348.2 KB). Loaded Objects now: 6336.
Memory consumption went from 235.4 MB to 235.0 MB.
Total: 4.223500 ms (FindLiveObjects: 0.461600 ms CreateObjectMapping: 0.170800 ms MarkObjects: 3.136800 ms  DeleteObjects: 0.453100 ms)

AssetImportParameters requested are different than current active one (requested -> active):
  custom:container-demuxer-ogg: 62fdf1f143b41e24485cea50d1cbac27 -> 
  custom:video-codec-MediaFoundation-h265: 746d11721c4dcdbdad8f713fa42b33f4 -> 
  custom:video-decoder-ogg-theora: a1e56fd34408186e4bbccfd4996cb3dc -> 
  custom:framework-win-MediaFoundation: 216162199b28c13a410421893ffa2e32 -> 
  custom:CustomObjectIndexerAttribute: 72b91833f83ae208fae7752999fa3104 -> 
  custom:container-demuxer-webm: 4f35f7cbe854078d1ac9338744f61a02 -> 
  custom:container-muxer-webm: aa71ff27fc2769a1b78a27578f13a17b -> 
  custom:video-decoder-webm-vp8: 9c59270c3fd7afecdb556c50c9e8de78 -> 
  custom:SearchIndexIgnoredProperties: e643bd26f0fe6173181afceb89e7c659 -> 
  custom:AudioImporter_EditorPlatform: d09bf68614088b80899f8185d706f6e7 -> 
  custom:video-encoder-webm-vp8: eb34c28f22e8b96e1ab97ce403110664 -> 
  custom:audio-decoder-ogg-vorbis: bf7c407c2cedff20999df2af8eb42d56 -> 
  custom:audio-encoder-webm-vorbis: bf7c407c2cedff20999df2af8eb42d56 -> 
========================================================================
Received Import Request.
  Time since last request: 167969.392643 seconds.
  path: Assets/Boss/Grand Slime/Stage.prefab
  artifactKey: Guid(ae5e136ea0b6b59439a3490ebc51f57d) Importer(815301076,1909f56bfc062723c751e8b465ee728b)
Start importing Assets/Boss/Grand Slime/Stage.prefab using Guid(ae5e136ea0b6b59439a3490ebc51f57d) Importer(815301076,1909f56bfc062723c751e8b465ee728b) [PhysX] Initialized MultithreadedTaskDispatcher with 12 workers.
[PhysX] Initialized MultithreadedTaskDispatcher with 12 workers.
 -> (artifact id: '67128cf6b635968f14518f5a32a34ae2') in 0.342922 seconds
Number of updated asset objects reloaded before import = 0
Number of asset objects unloaded after import = 155
========================================================================
Received Import Request.
  Time since last request: 144.175870 seconds.
  path: Assets/Room Test/Room Variant/Level4/Design/Stage4wall2.asset
  artifactKey: Guid(75a127f6abd60124ea42d956240e97f4) Importer(815301076,1909f56bfc062723c751e8b465ee728b)
Start importing Assets/Room Test/Room Variant/Level4/Design/Stage4wall2.asset using Guid(75a127f6abd60124ea42d956240e97f4) Importer(815301076,1909f56bfc062723c751e8b465ee728b) [PhysX] Initialized MultithreadedTaskDispatcher with 12 workers.
 -> (artifact id: 'c2d49ccd0a582e8b79249162e5827787') in 0.138325 seconds
Number of updated asset objects reloaded before import = 0
Number of asset objects unloaded after import = 3
========================================================================
Received Import Request.
  Time since last request: 0.000080 seconds.
  path: Assets/Room Test/Room Variant/Void Heart/Design/Stage4wall4.png
  artifactKey: Guid(4d23c4557e18f734a83253bea86df429) Importer(815301076,1909f56bfc062723c751e8b465ee728b)
Start importing Assets/Room Test/Room Variant/Void Heart/Design/Stage4wall4.png using Guid(4d23c4557e18f734a83253bea86df429) Importer(815301076,1909f56bfc062723c751e8b465ee728b) [PhysX] Initialized MultithreadedTaskDispatcher with 12 workers.
[PhysX] Initialized MultithreadedTaskDispatcher with 12 workers.
 -> (artifact id: 'bd35d388a9f0dcd077923fa24ceece83') in 0.058326 seconds
Number of updated asset objects reloaded before import = 0
Number of asset objects unloaded after import = 3
========================================================================
Received Import Request.
  Time since last request: 0.000030 seconds.
  path: Assets/Room Test/Room Variant/Level4/Design/Stage4wall4.asset
  artifactKey: Guid(57d497a4ba18a7249b2edaaa3fc882c6) Importer(815301076,1909f56bfc062723c751e8b465ee728b)
Start importing Assets/Room Test/Room Variant/Level4/Design/Stage4wall4.asset using Guid(57d497a4ba18a7249b2edaaa3fc882c6) Importer(815301076,1909f56bfc062723c751e8b465ee728b) [PhysX] Initialized MultithreadedTaskDispatcher with 12 workers.
 -> (artifact id: 'b0953e0040021d52b4ed7877dab759c3') in 0.016132 seconds
Number of updated asset objects reloaded before import = 0
Number of asset objects unloaded after import = 3
========================================================================
Received Import Request.
  Time since last request: 0.000025 seconds.
  path: Assets/Room Test/Room Variant/Level4/Design/Stage4Wall3.asset
  artifactKey: Guid(a93c4cc5b850b984bbbd889ded769f5c) Importer(815301076,1909f56bfc062723c751e8b465ee728b)
Start importing Assets/Room Test/Room Variant/Level4/Design/Stage4Wall3.asset using Guid(a93c4cc5b850b984bbbd889ded769f5c) Importer(815301076,1909f56bfc062723c751e8b465ee728b) [PhysX] Initialized MultithreadedTaskDispatcher with 12 workers.
 -> (artifact id: '800f4464cecaaae0ce0eed18365fbcf6') in 0.018221 seconds
Number of updated asset objects reloaded before import = 0
Number of asset objects unloaded after import = 3
========================================================================
Received Import Request.
  Time since last request: 0.000032 seconds.
  path: Assets/Room Test/Room Variant/Level4/Design/Stage4Wall3.png
  artifactKey: Guid(998c1ad1d668d7947ab04b56bbd48994) Importer(815301076,1909f56bfc062723c751e8b465ee728b)
Start importing Assets/Room Test/Room Variant/Level4/Design/Stage4Wall3.png using Guid(998c1ad1d668d7947ab04b56bbd48994) Importer(815301076,1909f56bfc062723c751e8b465ee728b) [PhysX] Initialized MultithreadedTaskDispatcher with 12 workers.
[PhysX] Initialized MultithreadedTaskDispatcher with 12 workers.
 -> (artifact id: '420e3a2619babfb8214a1735a487471e') in 0.019103 seconds
Number of updated asset objects reloaded before import = 0
Number of asset objects unloaded after import = 3
========================================================================
Received Import Request.
  Time since last request: 0.000020 seconds.
  path: Assets/Room Test/Room Variant/Void Heart/Design/Stage4wall4.asset
  artifactKey: Guid(971b15725089c0f46979da1bb5884e53) Importer(815301076,1909f56bfc062723c751e8b465ee728b)
Start importing Assets/Room Test/Room Variant/Void Heart/Design/Stage4wall4.asset using Guid(971b15725089c0f46979da1bb5884e53) Importer(815301076,1909f56bfc062723c751e8b465ee728b) [PhysX] Initialized MultithreadedTaskDispatcher with 12 workers.
 -> (artifact id: '78bd80a146f9d534343d198eba68cdd4') in 0.043241 seconds
Number of updated asset objects reloaded before import = 0
Number of asset objects unloaded after import = 3
========================================================================
Received Import Request.
  Time since last request: 0.000025 seconds.
  path: Assets/Room Test/Room Variant/Level4/Design/Stage4wall4.png
  artifactKey: Guid(dfed1b3ae30596c45b51f33b423731b1) Importer(815301076,1909f56bfc062723c751e8b465ee728b)
Start importing Assets/Room Test/Room Variant/Level4/Design/Stage4wall4.png using Guid(dfed1b3ae30596c45b51f33b423731b1) Importer(815301076,1909f56bfc062723c751e8b465ee728b) [PhysX] Initialized MultithreadedTaskDispatcher with 12 workers.
[PhysX] Initialized MultithreadedTaskDispatcher with 12 workers.
 -> (artifact id: '8f7b9499f58076f2ac4f2386d12c4f65') in 0.019631 seconds
Number of updated asset objects reloaded before import = 0
Number of asset objects unloaded after import = 3
========================================================================
Received Import Request.
  Time since last request: 0.000025 seconds.
  path: Assets/Room Test/Room Variant/Void Heart/Design/Stage4Wall3.png
  artifactKey: Guid(a2a80526b031c1d40803a747f2957ec0) Importer(815301076,1909f56bfc062723c751e8b465ee728b)
Start importing Assets/Room Test/Room Variant/Void Heart/Design/Stage4Wall3.png using Guid(a2a80526b031c1d40803a747f2957ec0) Importer(815301076,1909f56bfc062723c751e8b465ee728b) [PhysX] Initialized MultithreadedTaskDispatcher with 12 workers.
[PhysX] Initialized MultithreadedTaskDispatcher with 12 workers.
 -> (artifact id: 'a7ac46ad8afa79e587ff0734515e79e6') in 0.021708 seconds
Number of updated asset objects reloaded before import = 0
Number of asset objects unloaded after import = 3
========================================================================
Received Import Request.
  Time since last request: 12.250586 seconds.
  path: Assets/SFX/Music/Void Heart.mp3
  artifactKey: Guid(412e170e23b75fd40aabc9956b89816a) Importer(815301076,1909f56bfc062723c751e8b465ee728b)
Start importing Assets/SFX/Music/Void Heart.mp3 using Guid(412e170e23b75fd40aabc9956b89816a) Importer(815301076,1909f56bfc062723c751e8b465ee728b) [PhysX] Initialized MultithreadedTaskDispatcher with 12 workers.
[PhysX] Initialized MultithreadedTaskDispatcher with 12 workers.
 -> (artifact id: '8b89818f6d64c63c4d473963e1bf7aee') in 0.239546 seconds
Number of updated asset objects reloaded before import = 0
Number of asset objects unloaded after import = 2
========================================================================
Received Import Request.
  Time since last request: 0.000035 seconds.
  path: Assets/Boss/Void Heart/Void Heart3.png
  artifactKey: Guid(f17e558e7d800084f9968cc56265aa17) Importer(815301076,1909f56bfc062723c751e8b465ee728b)
Start importing Assets/Boss/Void Heart/Void Heart3.png using Guid(f17e558e7d800084f9968cc56265aa17) Importer(815301076,1909f56bfc062723c751e8b465ee728b) [PhysX] Initialized MultithreadedTaskDispatcher with 12 workers.
[PhysX] Initialized MultithreadedTaskDispatcher with 12 workers.
 -> (artifact id: '5549f819bdf15298d9195c05f2898fb8') in 0.023794 seconds
Number of updated asset objects reloaded before import = 0
Number of asset objects unloaded after import = 3
========================================================================
Received Import Request.
  Time since last request: 15.562510 seconds.
  path: Assets/Boss/Acestral Spectre/Idle/Grand Ghost1.gif
  artifactKey: Guid(996087924a8538249a1d372bee255821) Importer(815301076,1909f56bfc062723c751e8b465ee728b)
Start importing Assets/Boss/Acestral Spectre/Idle/Grand Ghost1.gif using Guid(996087924a8538249a1d372bee255821) Importer(815301076,1909f56bfc062723c751e8b465ee728b) [PhysX] Initialized MultithreadedTaskDispatcher with 12 workers.
[PhysX] Initialized MultithreadedTaskDispatcher with 12 workers.
 -> (artifact id: '93cba8c4d3fa867af80c26144dd46e54') in 0.038742 seconds
Number of updated asset objects reloaded before import = 0
Number of asset objects unloaded after import = 3
========================================================================
Received Import Request.
  Time since last request: 0.000022 seconds.
  path: Assets/Boss/Acestral Spectre/Idle/Grand Ghost5.png
  artifactKey: Guid(1b8f30382205b0c498a301dbdf11d714) Importer(815301076,1909f56bfc062723c751e8b465ee728b)
Start importing Assets/Boss/Acestral Spectre/Idle/Grand Ghost5.png using Guid(1b8f30382205b0c498a301dbdf11d714) Importer(815301076,1909f56bfc062723c751e8b465ee728b) [PhysX] Initialized MultithreadedTaskDispatcher with 12 workers.
[PhysX] Initialized MultithreadedTaskDispatcher with 12 workers.
 -> (artifact id: 'dc476475c1b7ea0c932441e94ddb38ee') in 0.021722 seconds
Number of updated asset objects reloaded before import = 0
Number of asset objects unloaded after import = 3
========================================================================
Received Import Request.
  Time since last request: 0.000028 seconds.
  path: Assets/Boss/Acestral Spectre/Idle/Grand Ghost2.png
  artifactKey: Guid(ece18baaa74c85246ad6e2bf0a148eff) Importer(815301076,1909f56bfc062723c751e8b465ee728b)
Start importing Assets/Boss/Acestral Spectre/Idle/Grand Ghost2.png using Guid(ece18baaa74c85246ad6e2bf0a148eff) Importer(815301076,1909f56bfc062723c751e8b465ee728b) [PhysX] Initialized MultithreadedTaskDispatcher with 12 workers.
[PhysX] Initialized MultithreadedTaskDispatcher with 12 workers.
 -> (artifact id: '78103750eab5636e5e81642a598c4195') in 0.018915 seconds
Number of updated asset objects reloaded before import = 0
Number of asset objects unloaded after import = 3
========================================================================
Received Import Request.
  Time since last request: 0.000023 seconds.
  path: Assets/Boss/Acestral Spectre/Idle/Grand Ghost4.png
  artifactKey: Guid(515fdcd69bc152f4e9b1498d20bf4c7a) Importer(815301076,1909f56bfc062723c751e8b465ee728b)
Start importing Assets/Boss/Acestral Spectre/Idle/Grand Ghost4.png using Guid(515fdcd69bc152f4e9b1498d20bf4c7a) Importer(815301076,1909f56bfc062723c751e8b465ee728b) [PhysX] Initialized MultithreadedTaskDispatcher with 12 workers.
[PhysX] Initialized MultithreadedTaskDispatcher with 12 workers.
 -> (artifact id: '791246e01873129228ee1f96f92ec5da') in 0.019953 seconds
Number of updated asset objects reloaded before import = 0
Number of asset objects unloaded after import = 3
========================================================================
Received Import Request.
  Time since last request: 1.934765 seconds.
  path: Assets/Boss/Acestral Spectre/Idle/Grand Ghost13.png
  artifactKey: Guid(058e8f92a5b1a2d4cb09b1481991718a) Importer(815301076,1909f56bfc062723c751e8b465ee728b)
Start importing Assets/Boss/Acestral Spectre/Idle/Grand Ghost13.png using Guid(058e8f92a5b1a2d4cb09b1481991718a) Importer(815301076,1909f56bfc062723c751e8b465ee728b) [PhysX] Initialized MultithreadedTaskDispatcher with 12 workers.
[PhysX] Initialized MultithreadedTaskDispatcher with 12 workers.
 -> (artifact id: '8aee3c1a32562a63294e843c9523523a') in 0.019038 seconds
Number of updated asset objects reloaded before import = 0
Number of asset objects unloaded after import = 3
========================================================================
Received Import Request.
  Time since last request: 0.000026 seconds.
  path: Assets/Boss/Grand Slime/Grand Sime 8 direct.prefab
  artifactKey: Guid(30c96da4623a9f74babd4e100e05cb2d) Importer(815301076,1909f56bfc062723c751e8b465ee728b)
Start importing Assets/Boss/Grand Slime/Grand Sime 8 direct.prefab using Guid(30c96da4623a9f74babd4e100e05cb2d) Importer(815301076,1909f56bfc062723c751e8b465ee728b) [PhysX] Initialized MultithreadedTaskDispatcher with 12 workers.
[PhysX] Initialized MultithreadedTaskDispatcher with 12 workers.
 -> (artifact id: 'fe23543fe67e35888b2e73f653a67885') in 0.026894 seconds
Number of updated asset objects reloaded before import = 0
Number of asset objects unloaded after import = 11
========================================================================
Received Import Request.
  Time since last request: 3.374444 seconds.
  path: Assets/Boss/Grand Slime/GrandSlime.prefab
  artifactKey: Guid(49bd2d0bb17bc8344b8ba36b2c52151d) Importer(815301076,1909f56bfc062723c751e8b465ee728b)
Start importing Assets/Boss/Grand Slime/GrandSlime.prefab using Guid(49bd2d0bb17bc8344b8ba36b2c52151d) Importer(815301076,1909f56bfc062723c751e8b465ee728b) [PhysX] Initialized MultithreadedTaskDispatcher with 12 workers.
[PhysX] Initialized MultithreadedTaskDispatcher with 12 workers.
 -> (artifact id: '8cfd9091752c112dcb6543d36b178dfb') in 0.068699 seconds
Number of updated asset objects reloaded before import = 0
Number of asset objects unloaded after import = 90
========================================================================
Received Import Request.
  Time since last request: 26.130754 seconds.
  path: Assets/Boss/Acestral Spectre/Attack/attack3.png
  artifactKey: Guid(8b3ede251e52b854880e9bc22fad61a4) Importer(815301076,1909f56bfc062723c751e8b465ee728b)
Start importing Assets/Boss/Acestral Spectre/Attack/attack3.png using Guid(8b3ede251e52b854880e9bc22fad61a4) Importer(815301076,1909f56bfc062723c751e8b465ee728b) [PhysX] Initialized MultithreadedTaskDispatcher with 12 workers.
[PhysX] Initialized MultithreadedTaskDispatcher with 12 workers.
 -> (artifact id: 'b19ff85eb52213181535d330e92f753e') in 0.026029 seconds
Number of updated asset objects reloaded before import = 0
Number of asset objects unloaded after import = 3
========================================================================
Received Import Request.
  Time since last request: 0.000025 seconds.
  path: Assets/Boss/Acestral Spectre/Attack/attack4.png
  artifactKey: Guid(2d9446d217d0a164b80845b1bff29158) Importer(815301076,1909f56bfc062723c751e8b465ee728b)
Start importing Assets/Boss/Acestral Spectre/Attack/attack4.png using Guid(2d9446d217d0a164b80845b1bff29158) Importer(815301076,1909f56bfc062723c751e8b465ee728b) [PhysX] Initialized MultithreadedTaskDispatcher with 12 workers.
[PhysX] Initialized MultithreadedTaskDispatcher with 12 workers.
 -> (artifact id: 'f1a05ff04e5ad67c72f7650227c1939b') in 0.021481 seconds
Number of updated asset objects reloaded before import = 0
Number of asset objects unloaded after import = 3
========================================================================
Received Import Request.
  Time since last request: 0.000031 seconds.
  path: Assets/Boss/Grand Slime/Sprite/Attack/Attack3.png
  artifactKey: Guid(a877f2bc3c1a0c04680648fa6dd59901) Importer(815301076,1909f56bfc062723c751e8b465ee728b)
Start importing Assets/Boss/Grand Slime/Sprite/Attack/Attack3.png using Guid(a877f2bc3c1a0c04680648fa6dd59901) Importer(815301076,1909f56bfc062723c751e8b465ee728b) [PhysX] Initialized MultithreadedTaskDispatcher with 12 workers.
[PhysX] Initialized MultithreadedTaskDispatcher with 12 workers.
 -> (artifact id: '06aedbda85b8a7f4e195b56074ef8872') in 0.020388 seconds
Number of updated asset objects reloaded before import = 0
Number of asset objects unloaded after import = 3
========================================================================
Received Import Request.
  Time since last request: 0.000020 seconds.
  path: Assets/Boss/Grand Slime/Sprite/Attack/Attack8.png
  artifactKey: Guid(6eade2bf2c9281943bdcd640fdf7bef6) Importer(815301076,1909f56bfc062723c751e8b465ee728b)
Start importing Assets/Boss/Grand Slime/Sprite/Attack/Attack8.png using Guid(6eade2bf2c9281943bdcd640fdf7bef6) Importer(815301076,1909f56bfc062723c751e8b465ee728b) [PhysX] Initialized MultithreadedTaskDispatcher with 12 workers.
[PhysX] Initialized MultithreadedTaskDispatcher with 12 workers.
 -> (artifact id: 'f86b00c3c1bbd66d7600e4207a7a2c09') in 0.028597 seconds
Number of updated asset objects reloaded before import = 0
Number of asset objects unloaded after import = 3
========================================================================
Received Import Request.
  Time since last request: 0.000025 seconds.
  path: Assets/Boss/Acestral Spectre/Attack/attack5.png
  artifactKey: Guid(03cb50e36520dda4c91cf679aa497a55) Importer(815301076,1909f56bfc062723c751e8b465ee728b)
Start importing Assets/Boss/Acestral Spectre/Attack/attack5.png using Guid(03cb50e36520dda4c91cf679aa497a55) Importer(815301076,1909f56bfc062723c751e8b465ee728b) [PhysX] Initialized MultithreadedTaskDispatcher with 12 workers.
[PhysX] Initialized MultithreadedTaskDispatcher with 12 workers.
 -> (artifact id: '308ec14af8fc049aabb9b2d7d1ab03fe') in 0.019807 seconds
Number of updated asset objects reloaded before import = 0
Number of asset objects unloaded after import = 3
========================================================================
Received Import Request.
  Time since last request: 4.718699 seconds.
  path: Assets/Boss/Acestral Spectre/Ancestral Spectre Bullet.prefab
  artifactKey: Guid(6e802c746f02d6140a1229d1f41f1620) Importer(815301076,1909f56bfc062723c751e8b465ee728b)
Start importing Assets/Boss/Acestral Spectre/Ancestral Spectre Bullet.prefab using Guid(6e802c746f02d6140a1229d1f41f1620) Importer(815301076,1909f56bfc062723c751e8b465ee728b) [PhysX] Initialized MultithreadedTaskDispatcher with 12 workers.
[PhysX] Initialized MultithreadedTaskDispatcher with 12 workers.
 -> (artifact id: 'ef85776d0494c94c701a52261911a396') in 0.023565 seconds
Number of updated asset objects reloaded before import = 0
Number of asset objects unloaded after import = 11
========================================================================
Received Import Request.
  Time since last request: 8.426547 seconds.
  path: Assets/Sprite/Boss/Automaton.png
  artifactKey: Guid(6fd26a92f21876848ae3059ba6bd7499) Importer(815301076,1909f56bfc062723c751e8b465ee728b)
Start importing Assets/Sprite/Boss/Automaton.png using Guid(6fd26a92f21876848ae3059ba6bd7499) Importer(815301076,1909f56bfc062723c751e8b465ee728b) [PhysX] Initialized MultithreadedTaskDispatcher with 12 workers.
[PhysX] Initialized MultithreadedTaskDispatcher with 12 workers.
 -> (artifact id: '93471c78ecd739109e68b00d38b65e36') in 0.018382 seconds
Number of updated asset objects reloaded before import = 0
Number of asset objects unloaded after import = 3
========================================================================
Received Import Request.
  Time since last request: 0.000025 seconds.
  path: Assets/Boss/Automaton/Automaton Boss.prefab
  artifactKey: Guid(e59ff0211cb00b74e97019eb8a7978dc) Importer(815301076,1909f56bfc062723c751e8b465ee728b)
Start importing Assets/Boss/Automaton/Automaton Boss.prefab using Guid(e59ff0211cb00b74e97019eb8a7978dc) Importer(815301076,1909f56bfc062723c751e8b465ee728b) [PhysX] Initialized MultithreadedTaskDispatcher with 12 workers.
[PhysX] Initialized MultithreadedTaskDispatcher with 12 workers.
 -> (artifact id: '21f0fcf8c560dac0bcc549d64deb03d3') in 0.160990 seconds
Number of updated asset objects reloaded before import = 0
Number of asset objects unloaded after import = 193
========================================================================
Received Import Request.
  Time since last request: 25.683972 seconds.
  path: Assets/Editor/Progenitor.prefab
  artifactKey: Guid(8d540d9bdabd4024d8d8de246328c2c5) Importer(815301076,1909f56bfc062723c751e8b465ee728b)
Start importing Assets/Editor/Progenitor.prefab using Guid(8d540d9bdabd4024d8d8de246328c2c5) Importer(815301076,1909f56bfc062723c751e8b465ee728b) [PhysX] Initialized MultithreadedTaskDispatcher with 12 workers.
[PhysX] Initialized MultithreadedTaskDispatcher with 12 workers.
 -> (artifact id: '30d82eac18ea53ad51a94334a44708ff') in 0.024325 seconds
Number of updated asset objects reloaded before import = 0
Number of asset objects unloaded after import = 25
========================================================================
Received Import Request.
  Time since last request: 0.000024 seconds.
  path: Assets/Boss/Progenitor/Progenitor.prefab
  artifactKey: Guid(e81c973dd132b9f459e07d767790f91c) Importer(815301076,1909f56bfc062723c751e8b465ee728b)
Start importing Assets/Boss/Progenitor/Progenitor.prefab using Guid(e81c973dd132b9f459e07d767790f91c) Importer(815301076,1909f56bfc062723c751e8b465ee728b) [PhysX] Initialized MultithreadedTaskDispatcher with 12 workers.
[PhysX] Initialized MultithreadedTaskDispatcher with 12 workers.
 -> (artifact id: '48daea648d1a13e9bd293d9e49b9417f') in 0.050735 seconds
Number of updated asset objects reloaded before import = 0
Number of asset objects unloaded after import = 96
========================================================================
Received Import Request.
  Time since last request: 0.000048 seconds.
  path: Assets/Boss/Progenitor/Sprite/Progenitor4.png
  artifactKey: Guid(4d1769ba171451f4d8262a55f29e34bd) Importer(815301076,1909f56bfc062723c751e8b465ee728b)
Start importing Assets/Boss/Progenitor/Sprite/Progenitor4.png using Guid(4d1769ba171451f4d8262a55f29e34bd) Importer(815301076,1909f56bfc062723c751e8b465ee728b) [PhysX] Initialized MultithreadedTaskDispatcher with 12 workers.
[PhysX] Initialized MultithreadedTaskDispatcher with 12 workers.
 -> (artifact id: '649b9850a54c5ac061b462e20e9d0a13') in 0.019436 seconds
Number of updated asset objects reloaded before import = 0
Number of asset objects unloaded after import = 3
========================================================================
Received Import Request.
  Time since last request: 0.000039 seconds.
  path: Assets/Boss/Progenitor/Sprite/Progenitor3.png
  artifactKey: Guid(bce7446c8265c41458ec20866975c054) Importer(815301076,1909f56bfc062723c751e8b465ee728b)
Start importing Assets/Boss/Progenitor/Sprite/Progenitor3.png using Guid(bce7446c8265c41458ec20866975c054) Importer(815301076,1909f56bfc062723c751e8b465ee728b) [PhysX] Initialized MultithreadedTaskDispatcher with 12 workers.
[PhysX] Initialized MultithreadedTaskDispatcher with 12 workers.
 -> (artifact id: '7cfd9e82d794bbcb406e0d256b04d5fc') in 0.018600 seconds
Number of updated asset objects reloaded before import = 0
Number of asset objects unloaded after import = 3
========================================================================
Received Import Request.
  Time since last request: 2.208752 seconds.
  path: Assets/Boss/Progenitor/Progenitor Battle .prefab
  artifactKey: Guid(796e2b4e84a745745af23c5017b9e01c) Importer(815301076,1909f56bfc062723c751e8b465ee728b)
Start importing Assets/Boss/Progenitor/Progenitor Battle .prefab using Guid(796e2b4e84a745745af23c5017b9e01c) Importer(815301076,1909f56bfc062723c751e8b465ee728b) [PhysX] Initialized MultithreadedTaskDispatcher with 12 workers.
[PhysX] Initialized MultithreadedTaskDispatcher with 12 workers.
 -> (artifact id: 'ac4458945a308173085fc63063eb230b') in 0.029876 seconds
Number of updated asset objects reloaded before import = 0
Number of asset objects unloaded after import = 160
========================================================================
Received Import Request.
  Time since last request: 323.586831 seconds.
  path: Assets/Sprite/Enemy/Remain.png
  artifactKey: Guid(9f7248753b09d2f4dab0a5b4a5d59737) Importer(815301076,1909f56bfc062723c751e8b465ee728b)
Start importing Assets/Sprite/Enemy/Remain.png using Guid(9f7248753b09d2f4dab0a5b4a5d59737) Importer(815301076,1909f56bfc062723c751e8b465ee728b) [PhysX] Initialized MultithreadedTaskDispatcher with 12 workers.
[PhysX] Initialized MultithreadedTaskDispatcher with 12 workers.
 -> (artifact id: 'ca79636f08360293320e5aefee08f3b9') in 0.477606 seconds
Number of updated asset objects reloaded before import = 0
Number of asset objects unloaded after import = 3
========================================================================
Received Import Request.
  Time since last request: 0.010903 seconds.
  path: Assets/Enemy/The Remain/Remain4.png
  artifactKey: Guid(7456e8d7c720ccf448bda200f7c578eb) Importer(815301076,1909f56bfc062723c751e8b465ee728b)
Start importing Assets/Enemy/The Remain/Remain4.png using Guid(7456e8d7c720ccf448bda200f7c578eb) Importer(815301076,1909f56bfc062723c751e8b465ee728b) [PhysX] Initialized MultithreadedTaskDispatcher with 12 workers.
[PhysX] Initialized MultithreadedTaskDispatcher with 12 workers.
 -> (artifact id: 'b548d49ded2bab565112e898c0ad1b27') in 0.053601 seconds
Number of updated asset objects reloaded before import = 0
Number of asset objects unloaded after import = 3
========================================================================
Received Import Request.
  Time since last request: 0.000060 seconds.
  path: Assets/Enemy/The Remain/Remain.png
  artifactKey: Guid(183cb7aec4b88d044931f7ec9c438482) Importer(815301076,1909f56bfc062723c751e8b465ee728b)
Start importing Assets/Enemy/The Remain/Remain.png using Guid(183cb7aec4b88d044931f7ec9c438482) Importer(815301076,1909f56bfc062723c751e8b465ee728b) [PhysX] Initialized MultithreadedTaskDispatcher with 12 workers.
[PhysX] Initialized MultithreadedTaskDispatcher with 12 workers.
 -> (artifact id: '7633c4918ef172a8bb1ea45669d5cca6') in 0.021087 seconds
Number of updated asset objects reloaded before import = 0
Number of asset objects unloaded after import = 3
========================================================================
Received Import Request.
  Time since last request: 0.000031 seconds.
  path: Assets/Enemy/The Remain/idle/Remain3.png
  artifactKey: Guid(f6e4a00f8fd0b2b49a5ec2741d6f2a1d) Importer(815301076,1909f56bfc062723c751e8b465ee728b)
Start importing Assets/Enemy/The Remain/idle/Remain3.png using Guid(f6e4a00f8fd0b2b49a5ec2741d6f2a1d) Importer(815301076,1909f56bfc062723c751e8b465ee728b) [PhysX] Initialized MultithreadedTaskDispatcher with 12 workers.
[PhysX] Initialized MultithreadedTaskDispatcher with 12 workers.
 -> (artifact id: '43b27fa83c9f4b832ccd2455f096752d') in 0.103198 seconds
Number of updated asset objects reloaded before import = 0
Number of asset objects unloaded after import = 3
========================================================================
Received Import Request.
  Time since last request: 0.000028 seconds.
  path: Assets/Enemy/The Remain/idle/Remain4.png
  artifactKey: Guid(d4398192bbb20304d8d4e1cf2b4bba01) Importer(815301076,1909f56bfc062723c751e8b465ee728b)
Start importing Assets/Enemy/The Remain/idle/Remain4.png using Guid(d4398192bbb20304d8d4e1cf2b4bba01) Importer(815301076,1909f56bfc062723c751e8b465ee728b) [PhysX] Initialized MultithreadedTaskDispatcher with 12 workers.
[PhysX] Initialized MultithreadedTaskDispatcher with 12 workers.
 -> (artifact id: 'a660c7c7df9a0ad16d0d2aa370994a41') in 0.029151 seconds
Number of updated asset objects reloaded before import = 0
Number of asset objects unloaded after import = 3
========================================================================
Received Import Request.
  Time since last request: 0.000026 seconds.
  path: Assets/Enemy/The Remain/Remain2.png
  artifactKey: Guid(73b1cb0bc6884394d967411933e94a5f) Importer(815301076,1909f56bfc062723c751e8b465ee728b)
Start importing Assets/Enemy/The Remain/Remain2.png using Guid(73b1cb0bc6884394d967411933e94a5f) Importer(815301076,1909f56bfc062723c751e8b465ee728b) [PhysX] Initialized MultithreadedTaskDispatcher with 12 workers.
[PhysX] Initialized MultithreadedTaskDispatcher with 12 workers.
 -> (artifact id: 'e9a0ccfbab2a8fc835ca3ff2282d2122') in 0.041969 seconds
Number of updated asset objects reloaded before import = 0
Number of asset objects unloaded after import = 3
========================================================================
Received Import Request.
  Time since last request: 0.000026 seconds.
  path: Assets/Enemy/The Remain/idle/Remain2.png
  artifactKey: Guid(c49d62112b4a33c4da83fc9e34cf454c) Importer(815301076,1909f56bfc062723c751e8b465ee728b)
Start importing Assets/Enemy/The Remain/idle/Remain2.png using Guid(c49d62112b4a33c4da83fc9e34cf454c) Importer(815301076,1909f56bfc062723c751e8b465ee728b) [PhysX] Initialized MultithreadedTaskDispatcher with 12 workers.
[PhysX] Initialized MultithreadedTaskDispatcher with 12 workers.
 -> (artifact id: 'a3a080941024f528796ed21ce104c57b') in 0.042325 seconds
Number of updated asset objects reloaded before import = 0
Number of asset objects unloaded after import = 3
Editor requested this worker to shutdown with reason: Scaling down because of idle timeout
TcpMessagingSession - receive error: operation aborted. errorcode: 995, details: The I/O operation has been aborted because of either a thread exit or an application request.
AssetImportWorker is now disconnected from the server
Process exiting
Exiting without the bug reporter. Application will terminate with return code 0